TN:test
SF:/usr/include/c++/4.8.2/bits/allocator.h
FN:113,_ZNSaIN7Bavieca14ParameterValueEEC2Ev
FN:113,_ZNSaISt13_Rb_tree_nodeISt4pairIKSsPN7Bavieca9ParameterEEEEC2Ev
FN:113,_ZNSaIN7Bavieca15IncompatibilityEEC2Ev
FN:113,_ZNSaIN7Bavieca10DependencyEEC2Ev
FN:113,_ZNSaISsEC2Ev
FN:115,_ZNSaIN7Bavieca14ParameterValueEEC2ERKS1_
FN:119,_ZNSaISt4pairIKSsPN7Bavieca9ParameterEEEC2ISt13_Rb_tree_nodeIS4_EEERKSaIT_E
FN:121,_ZNSaIN7Bavieca14ParameterValueEED2Ev
FN:121,_ZNSaIN7Bavieca15IncompatibilityEED2Ev
FN:121,_ZNSaIN7Bavieca10DependencyEED2Ev
FN:121,_ZNSaISt13_Rb_tree_nodeISt4pairIKSsPN7Bavieca9ParameterEEEED2Ev
FN:121,_ZNSaISsED2Ev
FN:121,_ZNSaISt4pairIKSsPN7Bavieca9ParameterEEED2Ev
FNDA:0,_ZNSaIN7Bavieca14ParameterValueEEC2Ev
FNDA:13,_ZNSaISsEC2Ev
FNDA:4,_ZNSaIN7Bavieca10DependencyEEC2Ev
FNDA:4,_ZNSaIN7Bavieca15IncompatibilityEEC2Ev
FNDA:4,_ZNSaISt13_Rb_tree_nodeISt4pairIKSsPN7Bavieca9ParameterEEEEC2Ev
FNDA:0,_ZNSaIN7Bavieca14ParameterValueEEC2ERKS1_
FNDA:104,_ZNSaISt4pairIKSsPN7Bavieca9ParameterEEEC2ISt13_Rb_tree_nodeIS4_EEERKSaIT_E
FNDA:104,_ZNSaISt4pairIKSsPN7Bavieca9ParameterEEED2Ev
FNDA:0,_ZNSaIN7Bavieca14ParameterValueEED2Ev
FNDA:13,_ZNSaISsED2Ev
FNDA:4,_ZNSaIN7Bavieca10DependencyEED2Ev
FNDA:4,_ZNSaIN7Bavieca15IncompatibilityEED2Ev
FNDA:4,_ZNSaISt13_Rb_tree_nodeISt4pairIKSsPN7Bavieca9ParameterEEEED2Ev
FNF:13
FNH:10
DA:113,25
DA:115,0
DA:116,0
DA:119,104
DA:121,129
LF:5
LH:3
end_of_record
SF:/usr/include/c++/4.8.2/bits/basic_ios.h
FN:46,_ZSt13__check_facetISt5ctypeIcEERKT_PS3_
FNDA:0,_ZSt13__check_facetISt5ctypeIcEERKT_PS3_
FNF:1
FNH:0
DA:46,0
DA:48,0
DA:49,0
DA:50,0
LF:4
LH:0
end_of_record
SF:/usr/include/c++/4.8.2/bits/basic_string.h
FN:272,_ZNSs12_Alloc_hiderD2Ev
FN:2569,_ZStltIcSt11char_traitsIcESaIcEEbRKSbIT_T0_T1_ES8_
FNDA:0,_ZNSs12_Alloc_hiderD2Ev
FNDA:0,_ZStltIcSt11char_traitsIcESaIcEEbRKSbIT_T0_T1_ES8_
FNF:2
FNH:0
DA:272,0
DA:2569,0
DA:2571,0
LF:3
LH:0
end_of_record
SF:/usr/include/c++/4.8.2/bits/basic_string.tcc
FN:692,_ZStplIcSt11char_traitsIcESaIcEESbIT_T0_T1_EPKS3_RKS6_
FNDA:0,_ZStplIcSt11char_traitsIcESaIcEESbIT_T0_T1_EPKS3_RKS6_
FNF:1
FNH:0
DA:692,0
DA:698,0
DA:699,0
DA:700,0
DA:701,0
DA:702,0
DA:703,0
LF:7
LH:0
end_of_record
SF:/usr/include/c++/4.8.2/bits/char_traits.h
FN:254,_ZNSt11char_traitsIcE7compareEPKcS2_m
FN:258,_ZNSt11char_traitsIcE6lengthEPKc
FNDA:0,_ZNSt11char_traitsIcE7compareEPKcS2_m
FNDA:0,_ZNSt11char_traitsIcE6lengthEPKc
FNF:2
FNH:0
DA:254,0
DA:255,0
DA:258,0
DA:259,0
LF:4
LH:0
end_of_record
SF:/usr/include/c++/4.8.2/bits/ios_base.h
FN:119,_ZStorSt13_Ios_OpenmodeS_
FN:153,_ZStanSt12_Ios_IostateS_
FN:157,_ZStorSt12_Ios_IostateS_
FNDA:6692190,_ZStorSt13_Ios_OpenmodeS_
FNDA:0,_ZStanSt12_Ios_IostateS_
FNDA:0,_ZStorSt12_Ios_IostateS_
FNF:3
FNH:1
DA:119,6692190
DA:120,6692190
DA:153,0
DA:154,0
DA:157,0
DA:158,0
LF:6
LH:2
end_of_record
SF:/usr/include/c++/4.8.2/bits/locale_facets.h
FN:865,_ZNKSt5ctypeIcE5widenEc
FNDA:0,_ZNKSt5ctypeIcE5widenEc
FNF:1
FNH:0
DA:865,0
DA:867,0
DA:868,0
DA:869,0
DA:870,0
LF:5
LH:0
end_of_record
SF:/usr/include/c++/4.8.2/bits/move.h
FN:47,_ZSt11__addressofIN7Bavieca14ParameterValueEEPT_RS2_
FN:47,_ZSt11__addressofISsEPT_RS0_
FN:47,_ZSt11__addressofIN7Bavieca10DependencyEEPT_RS2_
FN:47,_ZSt11__addressofISt4pairIKSsPN7Bavieca9ParameterEEEPT_RS6_
FNDA:0,_ZSt11__addressofIN7Bavieca14ParameterValueEEPT_RS2_
FNDA:230,_ZSt11__addressofISsEPT_RS0_
FNDA:0,_ZSt11__addressofIN7Bavieca10DependencyEEPT_RS2_
FNDA:0,_ZSt11__addressofISt4pairIKSsPN7Bavieca9ParameterEEEPT_RS6_
FNF:4
FNH:1
DA:47,230
DA:50,230
LF:2
LH:2
end_of_record
SF:/usr/include/c++/4.8.2/bits/stl_algobase.h
FN:193,_ZSt3minImERKT_S2_S2_
FN:216,_ZSt3maxImERKT_S2_S2_
FN:277,_ZSt12__niter_baseIPN7Bavieca10DependencyEENSt11_Niter_baseIT_E13iterator_typeES4_
FN:277,_ZSt12__niter_baseIN9__gnu_cxx17__normal_iteratorIPN7Bavieca14ParameterValueESt6vectorIS3_SaIS3_EEEEENSt11_Niter_baseIT_E13iterator_typeESA_
FN:277,_ZSt12__niter_baseIPN7Bavieca14ParameterValueEENSt11_Niter_baseIT_E13iterator_typeES4_
FN:277,_ZSt12__niter_baseIN9__gnu_cxx17__normal_iteratorIPKN7Bavieca14ParameterValueESt6vectorIS3_SaIS3_EEEEENSt11_Niter_baseIT_E13iterator_typeESB_
FN:277,_ZSt12__niter_baseIPN7Bavieca15IncompatibilityEENSt11_Niter_baseIT_E13iterator_typeES4_
FN:277,_ZSt12__niter_baseIPSsENSt11_Niter_baseIT_E13iterator_typeES2_
FN:288,_ZSt12__miter_baseIPN7Bavieca10DependencyEENSt11_Miter_baseIT_E13iterator_typeES4_
FN:288,_ZSt12__miter_baseIPN7Bavieca15IncompatibilityEENSt11_Miter_baseIT_E13iterator_typeES4_
FN:288,_ZSt12__miter_baseIPSsENSt11_Miter_baseIT_E13iterator_typeES2_
FN:288,_ZSt12__miter_baseIPN7Bavieca14ParameterValueEENSt11_Miter_baseIT_E13iterator_typeES4_
FN:288,_ZSt12__miter_baseIN9__gnu_cxx17__normal_iteratorIPKN7Bavieca14ParameterValueESt6vectorIS3_SaIS3_EEEEENSt11_Miter_baseIT_E13iterator_typeESB_
FN:330,_ZNSt11__copy_moveILb0ELb0ESt26random_access_iterator_tagE8__copy_mIPKN7Bavieca14ParameterValueEPS4_EET0_T_S9_S8_
FN:330,_ZNSt11__copy_moveILb0ELb0ESt26random_access_iterator_tagE8__copy_mIPN7Bavieca14ParameterValueES5_EET0_T_S7_S6_
FN:368,_ZNSt11__copy_moveILb0ELb1ESt26random_access_iterator_tagE8__copy_mIN7Bavieca15IncompatibilityEEEPT_PKS5_S8_S6_
FN:379,_ZSt13__copy_move_aILb0EPN7Bavieca15IncompatibilityES2_ET1_T0_S4_S3_
FN:379,_ZSt13__copy_move_aILb0EPN7Bavieca14ParameterValueES2_ET1_T0_S4_S3_
FN:379,_ZSt13__copy_move_aILb0EPKN7Bavieca14ParameterValueEPS1_ET1_T0_S6_S5_
FN:424,_ZSt14__copy_move_a2ILb0EN9__gnu_cxx17__normal_iteratorIPKN7Bavieca14ParameterValueESt6vectorIS3_SaIS3_EEEENS1_IPS3_S8_EEET1_T0_SD_SC_
FN:424,_ZSt14__copy_move_a2ILb0EPN7Bavieca14ParameterValueES2_ET1_T0_S4_S3_
FN:424,_ZSt14__copy_move_a2ILb0EPN7Bavieca15IncompatibilityES2_ET1_T0_S4_S3_
FN:450,_ZSt4copyIN9__gnu_cxx17__normal_iteratorIPKN7Bavieca14ParameterValueESt6vectorIS3_SaIS3_EEEENS1_IPS3_S8_EEET0_T_SD_SC_
FN:450,_ZSt4copyIPN7Bavieca14ParameterValueES2_ET0_T_S4_S3_
FN:450,_ZSt4copyIPN7Bavieca15IncompatibilityES2_ET0_T_S4_S3_
FN:533,_ZNSt20__copy_move_backwardILb0ELb0ESt26random_access_iterator_tagE13__copy_move_bIPN7Bavieca10DependencyES5_EET0_T_S7_S6_
FN:533,_ZNSt20__copy_move_backwardILb0ELb0ESt26random_access_iterator_tagE13__copy_move_bIPSsS3_EET0_T_S5_S4_
FN:533,_ZNSt20__copy_move_backwardILb0ELb0ESt26random_access_iterator_tagE13__copy_move_bIPN7Bavieca14ParameterValueES5_EET0_T_S7_S6_
FN:563,_ZNSt20__copy_move_backwardILb0ELb1ESt26random_access_iterator_tagE13__copy_move_bIN7Bavieca15IncompatibilityEEEPT_PKS5_S8_S6_
FN:574,_ZSt22__copy_move_backward_aILb0EPN7Bavieca10DependencyES2_ET1_T0_S4_S3_
FN:574,_ZSt22__copy_move_backward_aILb0EPN7Bavieca14ParameterValueES2_ET1_T0_S4_S3_
FN:574,_ZSt22__copy_move_backward_aILb0EPSsS0_ET1_T0_S2_S1_
FN:574,_ZSt22__copy_move_backward_aILb0EPN7Bavieca15IncompatibilityES2_ET1_T0_S4_S3_
FN:592,_ZSt23__copy_move_backward_a2ILb0EPSsS0_ET1_T0_S2_S1_
FN:592,_ZSt23__copy_move_backward_a2ILb0EPN7Bavieca14ParameterValueES2_ET1_T0_S4_S3_
FN:592,_ZSt23__copy_move_backward_a2ILb0EPN7Bavieca10DependencyES2_ET1_T0_S4_S3_
FN:592,_ZSt23__copy_move_backward_a2ILb0EPN7Bavieca15IncompatibilityES2_ET1_T0_S4_S3_
FN:619,_ZSt13copy_backwardIPN7Bavieca10DependencyES2_ET0_T_S4_S3_
FN:619,_ZSt13copy_backwardIPN7Bavieca15IncompatibilityES2_ET0_T_S4_S3_
FN:619,_ZSt13copy_backwardIPN7Bavieca14ParameterValueES2_ET0_T_S4_S3_
FN:619,_ZSt13copy_backwardIPSsS0_ET0_T_S2_S1_
FNDA:0,_ZSt3minImERKT_S2_S2_
FNDA:0,_ZSt3maxImERKT_S2_S2_
FNDA:0,_ZSt12__niter_baseIN9__gnu_cxx17__normal_iteratorIPN7Bavieca14ParameterValueESt6vectorIS3_SaIS3_EEEEENSt11_Niter_baseIT_E13iterator_typeESA_
FNDA:0,_ZSt12__niter_baseIN9__gnu_cxx17__normal_iteratorIPKN7Bavieca14ParameterValueESt6vectorIS3_SaIS3_EEEEENSt11_Niter_baseIT_E13iterator_typeESB_
FNDA:0,_ZSt12__niter_baseIPN7Bavieca10DependencyEENSt11_Niter_baseIT_E13iterator_typeES4_
FNDA:0,_ZSt12__niter_baseIPN7Bavieca14ParameterValueEENSt11_Niter_baseIT_E13iterator_typeES4_
FNDA:0,_ZSt12__niter_baseIPN7Bavieca15IncompatibilityEENSt11_Niter_baseIT_E13iterator_typeES4_
FNDA:0,_ZSt12__niter_baseIPSsENSt11_Niter_baseIT_E13iterator_typeES2_
FNDA:0,_ZSt12__miter_baseIN9__gnu_cxx17__normal_iteratorIPKN7Bavieca14ParameterValueESt6vectorIS3_SaIS3_EEEEENSt11_Miter_baseIT_E13iterator_typeESB_
FNDA:0,_ZSt12__miter_baseIPN7Bavieca10DependencyEENSt11_Miter_baseIT_E13iterator_typeES4_
FNDA:0,_ZSt12__miter_baseIPN7Bavieca14ParameterValueEENSt11_Miter_baseIT_E13iterator_typeES4_
FNDA:0,_ZSt12__miter_baseIPN7Bavieca15IncompatibilityEENSt11_Miter_baseIT_E13iterator_typeES4_
FNDA:0,_ZSt12__miter_baseIPSsENSt11_Miter_baseIT_E13iterator_typeES2_
FNDA:0,_ZNSt11__copy_moveILb0ELb0ESt26random_access_iterator_tagE8__copy_mIPN7Bavieca14ParameterValueES5_EET0_T_S7_S6_
FNDA:0,_ZNSt11__copy_moveILb0ELb0ESt26random_access_iterator_tagE8__copy_mIPKN7Bavieca14ParameterValueEPS4_EET0_T_S9_S8_
FNDA:0,_ZNSt11__copy_moveILb0ELb1ESt26random_access_iterator_tagE8__copy_mIN7Bavieca15IncompatibilityEEEPT_PKS5_S8_S6_
FNDA:0,_ZSt13__copy_move_aILb0EPN7Bavieca15IncompatibilityES2_ET1_T0_S4_S3_
FNDA:0,_ZSt13__copy_move_aILb0EPN7Bavieca14ParameterValueES2_ET1_T0_S4_S3_
FNDA:0,_ZSt13__copy_move_aILb0EPKN7Bavieca14ParameterValueEPS1_ET1_T0_S6_S5_
FNDA:0,_ZSt14__copy_move_a2ILb0EPN7Bavieca15IncompatibilityES2_ET1_T0_S4_S3_
FNDA:0,_ZSt14__copy_move_a2ILb0EPN7Bavieca14ParameterValueES2_ET1_T0_S4_S3_
FNDA:0,_ZSt14__copy_move_a2ILb0EN9__gnu_cxx17__normal_iteratorIPKN7Bavieca14ParameterValueESt6vectorIS3_SaIS3_EEEENS1_IPS3_S8_EEET1_T0_SD_SC_
FNDA:0,_ZSt4copyIPN7Bavieca15IncompatibilityES2_ET0_T_S4_S3_
FNDA:0,_ZSt4copyIPN7Bavieca14ParameterValueES2_ET0_T_S4_S3_
FNDA:0,_ZSt4copyIN9__gnu_cxx17__normal_iteratorIPKN7Bavieca14ParameterValueESt6vectorIS3_SaIS3_EEEENS1_IPS3_S8_EEET0_T_SD_SC_
FNDA:0,_ZNSt20__copy_move_backwardILb0ELb0ESt26random_access_iterator_tagE13__copy_move_bIPN7Bavieca10DependencyES5_EET0_T_S7_S6_
FNDA:0,_ZNSt20__copy_move_backwardILb0ELb0ESt26random_access_iterator_tagE13__copy_move_bIPN7Bavieca14ParameterValueES5_EET0_T_S7_S6_
FNDA:0,_ZNSt20__copy_move_backwardILb0ELb0ESt26random_access_iterator_tagE13__copy_move_bIPSsS3_EET0_T_S5_S4_
FNDA:0,_ZNSt20__copy_move_backwardILb0ELb1ESt26random_access_iterator_tagE13__copy_move_bIN7Bavieca15IncompatibilityEEEPT_PKS5_S8_S6_
FNDA:0,_ZSt22__copy_move_backward_aILb0EPN7Bavieca10DependencyES2_ET1_T0_S4_S3_
FNDA:0,_ZSt22__copy_move_backward_aILb0EPN7Bavieca14ParameterValueES2_ET1_T0_S4_S3_
FNDA:0,_ZSt22__copy_move_backward_aILb0EPN7Bavieca15IncompatibilityES2_ET1_T0_S4_S3_
FNDA:0,_ZSt22__copy_move_backward_aILb0EPSsS0_ET1_T0_S2_S1_
FNDA:0,_ZSt23__copy_move_backward_a2ILb0EPN7Bavieca10DependencyES2_ET1_T0_S4_S3_
FNDA:0,_ZSt23__copy_move_backward_a2ILb0EPN7Bavieca14ParameterValueES2_ET1_T0_S4_S3_
FNDA:0,_ZSt23__copy_move_backward_a2ILb0EPN7Bavieca15IncompatibilityES2_ET1_T0_S4_S3_
FNDA:0,_ZSt23__copy_move_backward_a2ILb0EPSsS0_ET1_T0_S2_S1_
FNDA:0,_ZSt13copy_backwardIPN7Bavieca10DependencyES2_ET0_T_S4_S3_
FNDA:0,_ZSt13copy_backwardIPN7Bavieca14ParameterValueES2_ET0_T_S4_S3_
FNDA:0,_ZSt13copy_backwardIPN7Bavieca15IncompatibilityES2_ET0_T_S4_S3_
FNDA:0,_ZSt13copy_backwardIPSsS0_ET0_T_S2_S1_
FNF:41
FNH:0
DA:193,0
DA:198,0
DA:199,0
DA:200,0
DA:216,0
DA:221,0
DA:222,0
DA:223,0
DA:277,0
DA:278,0
DA:288,0
DA:289,0
DA:330,0
DA:333,0
DA:335,0
DA:336,0
DA:337,0
DA:339,0
DA:368,0
DA:370,0
DA:371,0
DA:372,0
DA:373,0
DA:379,0
DA:387,0
DA:390,0
DA:424,0
DA:428,0
DA:450,0
DA:460,0
DA:533,0
DA:536,0
DA:537,0
DA:538,0
DA:563,0
DA:565,0
DA:566,0
DA:567,0
DA:568,0
DA:574,0
DA:582,0
DA:587,0
DA:592,0
DA:596,0
DA:619,0
DA:631,0
LF:46
LH:0
end_of_record
SF:/usr/include/c++/4.8.2/bits/stl_construct.h
FN:79,_ZSt10_ConstructIN7Bavieca14ParameterValueES1_EvPT_RKT0_
FN:79,_ZSt10_ConstructISsSsEvPT_RKT0_
FN:79,_ZSt10_ConstructIN7Bavieca10DependencyES1_EvPT_RKT0_
FN:92,_ZSt8_DestroyIN7Bavieca14ParameterValueEEvPT_
FN:92,_ZSt8_DestroyISsEvPT_
FN:92,_ZSt8_DestroyIN7Bavieca10DependencyEEvPT_
FN:100,_ZNSt12_Destroy_auxILb0EE9__destroyIPN7Bavieca10DependencyEEEvT_S5_
FN:100,_ZNSt12_Destroy_auxILb0EE9__destroyIN9__gnu_cxx17__normal_iteratorIPN7Bavieca14ParameterValueESt6vectorIS5_SaIS5_EEEEEEvT_SB_
FN:100,_ZNSt12_Destroy_auxILb0EE9__destroyIPSsEEvT_S3_
FN:100,_ZNSt12_Destroy_auxILb0EE9__destroyIPN7Bavieca14ParameterValueEEEvT_S5_
FN:112,_ZNSt12_Destroy_auxILb1EE9__destroyIPN7Bavieca15IncompatibilityEEEvT_S5_
FN:122,_ZSt8_DestroyIPN7Bavieca14ParameterValueEEvT_S3_
FN:122,_ZSt8_DestroyIN9__gnu_cxx17__normal_iteratorIPN7Bavieca14ParameterValueESt6vectorIS3_SaIS3_EEEEEvT_S9_
FN:122,_ZSt8_DestroyIPN7Bavieca15IncompatibilityEEvT_S3_
FN:122,_ZSt8_DestroyIPSsEvT_S1_
FN:122,_ZSt8_DestroyIPN7Bavieca10DependencyEEvT_S3_
FN:148,_ZSt8_DestroyIPN7Bavieca14ParameterValueES1_EvT_S3_RSaIT0_E
FN:148,_ZSt8_DestroyIPN7Bavieca15IncompatibilityES1_EvT_S3_RSaIT0_E
FN:148,_ZSt8_DestroyIN9__gnu_cxx17__normal_iteratorIPN7Bavieca14ParameterValueESt6vectorIS3_SaIS3_EEEES3_EvT_S9_RSaIT0_E
FN:148,_ZSt8_DestroyIPN7Bavieca10DependencyES1_EvT_S3_RSaIT0_E
FN:148,_ZSt8_DestroyIPSsSsEvT_S1_RSaIT0_E
FNDA:0,_ZSt10_ConstructIN7Bavieca10DependencyES1_EvPT_RKT0_
FNDA:0,_ZSt10_ConstructIN7Bavieca14ParameterValueES1_EvPT_RKT0_
FNDA:81,_ZSt10_ConstructISsSsEvPT_RKT0_
FNDA:0,_ZSt8_DestroyIN7Bavieca14ParameterValueEEvPT_
FNDA:149,_ZSt8_DestroyISsEvPT_
FNDA:0,_ZSt8_DestroyIN7Bavieca10DependencyEEvPT_
FNDA:0,_ZNSt12_Destroy_auxILb0EE9__destroyIN9__gnu_cxx17__normal_iteratorIPN7Bavieca14ParameterValueESt6vectorIS5_SaIS5_EEEEEEvT_SB_
FNDA:0,_ZNSt12_Destroy_auxILb0EE9__destroyIPN7Bavieca14ParameterValueEEEvT_S5_
FNDA:47,_ZNSt12_Destroy_auxILb0EE9__destroyIPSsEEvT_S3_
FNDA:4,_ZNSt12_Destroy_auxILb0EE9__destroyIPN7Bavieca10DependencyEEEvT_S5_
FNDA:4,_ZNSt12_Destroy_auxILb1EE9__destroyIPN7Bavieca15IncompatibilityEEEvT_S5_
FNDA:0,_ZSt8_DestroyIN9__gnu_cxx17__normal_iteratorIPN7Bavieca14ParameterValueESt6vectorIS3_SaIS3_EEEEEvT_S9_
FNDA:0,_ZSt8_DestroyIPN7Bavieca14ParameterValueEEvT_S3_
FNDA:47,_ZSt8_DestroyIPSsEvT_S1_
FNDA:4,_ZSt8_DestroyIPN7Bavieca10DependencyEEvT_S3_
FNDA:4,_ZSt8_DestroyIPN7Bavieca15IncompatibilityEEvT_S3_
FNDA:0,_ZSt8_DestroyIN9__gnu_cxx17__normal_iteratorIPN7Bavieca14ParameterValueESt6vectorIS3_SaIS3_EEEES3_EvT_S9_RSaIT0_E
FNDA:0,_ZSt8_DestroyIPN7Bavieca14ParameterValueES1_EvT_S3_RSaIT0_E
FNDA:47,_ZSt8_DestroyIPSsSsEvT_S1_RSaIT0_E
FNDA:4,_ZSt8_DestroyIPN7Bavieca10DependencyES1_EvT_S3_RSaIT0_E
FNDA:4,_ZSt8_DestroyIPN7Bavieca15IncompatibilityES1_EvT_S3_RSaIT0_E
FNF:21
FNH:11
DA:79,81
DA:83,81
DA:84,81
DA:92,149
DA:93,149
DA:100,51
DA:102,200
DA:103,149
DA:104,51
DA:112,4
DA:122,55
DA:126,55
DA:128,55
DA:148,55
DA:151,55
DA:152,55
LF:16
LH:16
end_of_record
SF:/usr/include/c++/4.8.2/bits/stl_function.h
FN:234,_ZNKSt4lessISsEclERKSsS2_
FN:494,_ZNKSt10_Select1stISt4pairIKSsPN7Bavieca9ParameterEEEclERKS5_
FNDA:0,_ZNKSt4lessISsEclERKSsS2_
FNDA:0,_ZNKSt10_Select1stISt4pairIKSsPN7Bavieca9ParameterEEEclERKS5_
FNF:2
FNH:0
DA:234,0
DA:235,0
DA:494,0
DA:495,0
LF:4
LH:0
end_of_record
SF:/usr/include/c++/4.8.2/bits/stl_iterator.h
FN:726,_ZN9__gnu_cxx17__normal_iteratorIPN7Bavieca15IncompatibilityESt6vectorIS2_SaIS2_EEEC2ERKS3_
FN:726,_ZN9__gnu_cxx17__normal_iteratorIPSsSt6vectorISsSaISsEEEC2ERKS1_
FN:726,_ZN9__gnu_cxx17__normal_iteratorIPKN7Bavieca14ParameterValueESt6vectorIS2_SaIS2_EEEC2ERKS4_
FN:726,_ZN9__gnu_cxx17__normal_iteratorIPN7Bavieca14ParameterValueESt6vectorIS2_SaIS2_EEEC2ERKS3_
FN:726,_ZN9__gnu_cxx17__normal_iteratorIPN7Bavieca10DependencyESt6vectorIS2_SaIS2_EEEC2ERKS3_
FN:738,_ZNK9__gnu_cxx17__normal_iteratorIPKN7Bavieca14ParameterValueESt6vectorIS2_SaIS2_EEEdeEv
FN:738,_ZNK9__gnu_cxx17__normal_iteratorIPSsSt6vectorISsSaISsEEEdeEv
FN:738,_ZNK9__gnu_cxx17__normal_iteratorIPN7Bavieca14ParameterValueESt6vectorIS2_SaIS2_EEEdeEv
FN:738,_ZNK9__gnu_cxx17__normal_iteratorIPN7Bavieca15IncompatibilityESt6vectorIS2_SaIS2_EEEdeEv
FN:738,_ZNK9__gnu_cxx17__normal_iteratorIPN7Bavieca10DependencyESt6vectorIS2_SaIS2_EEEdeEv
FN:746,_ZN9__gnu_cxx17__normal_iteratorIPN7Bavieca10DependencyESt6vectorIS2_SaIS2_EEEppEv
FN:746,_ZN9__gnu_cxx17__normal_iteratorIPN7Bavieca15IncompatibilityESt6vectorIS2_SaIS2_EEEppEv
FN:746,_ZN9__gnu_cxx17__normal_iteratorIPN7Bavieca14ParameterValueESt6vectorIS2_SaIS2_EEEppEv
FN:746,_ZN9__gnu_cxx17__normal_iteratorIPKN7Bavieca14ParameterValueESt6vectorIS2_SaIS2_EEEppEv
FN:746,_ZN9__gnu_cxx17__normal_iteratorIPSsSt6vectorISsSaISsEEEppEv
FN:790,_ZNK9__gnu_cxx17__normal_iteratorIPN7Bavieca10DependencyESt6vectorIS2_SaIS2_EEE4baseEv
FN:790,_ZNK9__gnu_cxx17__normal_iteratorIPN7Bavieca14ParameterValueESt6vectorIS2_SaIS2_EEE4baseEv
FN:790,_ZNK9__gnu_cxx17__normal_iteratorIPN7Bavieca15IncompatibilityESt6vectorIS2_SaIS2_EEE4baseEv
FN:790,_ZNK9__gnu_cxx17__normal_iteratorIPKN7Bavieca14ParameterValueESt6vectorIS2_SaIS2_EEE4baseEv
FN:790,_ZNK9__gnu_cxx17__normal_iteratorIPSsSt6vectorISsSaISsEEE4baseEv
FN:823,_ZN9__gnu_cxxneIPN7Bavieca14ParameterValueESt6vectorIS2_SaIS2_EEEEbRKNS_17__normal_iteratorIT_T0_EESC_
FN:823,_ZN9__gnu_cxxneIPKN7Bavieca14ParameterValueESt6vectorIS2_SaIS2_EEEEbRKNS_17__normal_iteratorIT_T0_EESD_
FN:823,_ZN9__gnu_cxxneIPN7Bavieca15IncompatibilityESt6vectorIS2_SaIS2_EEEEbRKNS_17__normal_iteratorIT_T0_EESC_
FN:823,_ZN9__gnu_cxxneIPSsSt6vectorISsSaISsEEEEbRKNS_17__normal_iteratorIT_T0_EESA_
FN:823,_ZN9__gnu_cxxneIPN7Bavieca10DependencyESt6vectorIS2_SaIS2_EEEEbRKNS_17__normal_iteratorIT_T0_EESC_
FN:896,_ZN9__gnu_cxxmiIPN7Bavieca15IncompatibilityESt6vectorIS2_SaIS2_EEEENS_17__normal_iteratorIT_T0_E15difference_typeERKSA_SD_
FN:896,_ZN9__gnu_cxxmiIPSsSt6vectorISsSaISsEEEENS_17__normal_iteratorIT_T0_E15difference_typeERKS8_SB_
FN:896,_ZN9__gnu_cxxmiIPN7Bavieca14ParameterValueESt6vectorIS2_SaIS2_EEEENS_17__normal_iteratorIT_T0_E15difference_typeERKSA_SD_
FN:896,_ZN9__gnu_cxxmiIPN7Bavieca10DependencyESt6vectorIS2_SaIS2_EEEENS_17__normal_iteratorIT_T0_E15difference_typeERKSA_SD_
FNDA:0,_ZN9__gnu_cxx17__normal_iteratorIPKN7Bavieca14ParameterValueESt6vectorIS2_SaIS2_EEEC2ERKS4_
FNDA:6,_ZN9__gnu_cxx17__normal_iteratorIPN7Bavieca10DependencyESt6vectorIS2_SaIS2_EEEC2ERKS3_
FNDA:0,_ZN9__gnu_cxx17__normal_iteratorIPSsSt6vectorISsSaISsEEEC2ERKS1_
FNDA:0,_ZN9__gnu_cxx17__normal_iteratorIPN7Bavieca14ParameterValueESt6vectorIS2_SaIS2_EEEC2ERKS3_
FNDA:14,_ZN9__gnu_cxx17__normal_iteratorIPN7Bavieca15IncompatibilityESt6vectorIS2_SaIS2_EEEC2ERKS3_
FNDA:0,_ZNK9__gnu_cxx17__normal_iteratorIPKN7Bavieca14ParameterValueESt6vectorIS2_SaIS2_EEEdeEv
FNDA:0,_ZNK9__gnu_cxx17__normal_iteratorIPN7Bavieca10DependencyESt6vectorIS2_SaIS2_EEEdeEv
FNDA:0,_ZNK9__gnu_cxx17__normal_iteratorIPSsSt6vectorISsSaISsEEEdeEv
FNDA:0,_ZNK9__gnu_cxx17__normal_iteratorIPN7Bavieca14ParameterValueESt6vectorIS2_SaIS2_EEEdeEv
FNDA:0,_ZNK9__gnu_cxx17__normal_iteratorIPN7Bavieca15IncompatibilityESt6vectorIS2_SaIS2_EEEdeEv
FNDA:0,_ZN9__gnu_cxx17__normal_iteratorIPKN7Bavieca14ParameterValueESt6vectorIS2_SaIS2_EEEppEv
FNDA:0,_ZN9__gnu_cxx17__normal_iteratorIPN7Bavieca10DependencyESt6vectorIS2_SaIS2_EEEppEv
FNDA:0,_ZN9__gnu_cxx17__normal_iteratorIPSsSt6vectorISsSaISsEEEppEv
FNDA:42,_ZN9__gnu_cxx17__normal_iteratorIPN7Bavieca14ParameterValueESt6vectorIS2_SaIS2_EEEppEv
FNDA:0,_ZN9__gnu_cxx17__normal_iteratorIPN7Bavieca15IncompatibilityESt6vectorIS2_SaIS2_EEEppEv
FNDA:0,_ZNK9__gnu_cxx17__normal_iteratorIPKN7Bavieca14ParameterValueESt6vectorIS2_SaIS2_EEE4baseEv
FNDA:6,_ZNK9__gnu_cxx17__normal_iteratorIPN7Bavieca10DependencyESt6vectorIS2_SaIS2_EEE4baseEv
FNDA:0,_ZNK9__gnu_cxx17__normal_iteratorIPSsSt6vectorISsSaISsEEE4baseEv
FNDA:0,_ZNK9__gnu_cxx17__normal_iteratorIPN7Bavieca14ParameterValueESt6vectorIS2_SaIS2_EEE4baseEv
FNDA:14,_ZNK9__gnu_cxx17__normal_iteratorIPN7Bavieca15IncompatibilityESt6vectorIS2_SaIS2_EEE4baseEv
FNDA:0,_ZN9__gnu_cxxneIPKN7Bavieca14ParameterValueESt6vectorIS2_SaIS2_EEEEbRKNS_17__normal_iteratorIT_T0_EESD_
FNDA:3,_ZN9__gnu_cxxneIPN7Bavieca10DependencyESt6vectorIS2_SaIS2_EEEEbRKNS_17__normal_iteratorIT_T0_EESC_
FNDA:0,_ZN9__gnu_cxxneIPSsSt6vectorISsSaISsEEEEbRKNS_17__normal_iteratorIT_T0_EESA_
FNDA:45,_ZN9__gnu_cxxneIPN7Bavieca14ParameterValueESt6vectorIS2_SaIS2_EEEEbRKNS_17__normal_iteratorIT_T0_EESC_
FNDA:7,_ZN9__gnu_cxxneIPN7Bavieca15IncompatibilityESt6vectorIS2_SaIS2_EEEEbRKNS_17__normal_iteratorIT_T0_EESC_
FNDA:0,_ZN9__gnu_cxxmiIPN7Bavieca10DependencyESt6vectorIS2_SaIS2_EEEENS_17__normal_iteratorIT_T0_E15difference_typeERKSA_SD_
FNDA:0,_ZN9__gnu_cxxmiIPN7Bavieca14ParameterValueESt6vectorIS2_SaIS2_EEEENS_17__normal_iteratorIT_T0_E15difference_typeERKSA_SD_
FNDA:0,_ZN9__gnu_cxxmiIPN7Bavieca15IncompatibilityESt6vectorIS2_SaIS2_EEEENS_17__normal_iteratorIT_T0_E15difference_typeERKSA_SD_
FNDA:34,_ZN9__gnu_cxxmiIPSsSt6vectorISsSaISsEEEENS_17__normal_iteratorIT_T0_E15difference_typeERKS8_SB_
FNF:29
FNH:9
DA:726,20
DA:738,0
DA:739,0
DA:746,42
DA:748,42
DA:749,42
DA:790,20
DA:791,20
DA:823,55
DA:825,55
DA:896,34
DA:898,34
LF:12
LH:10
end_of_record
SF:/usr/include/c++/4.8.2/bits/stl_iterator_base_types.h
FN:212,_ZNSt10_Iter_baseIPN7Bavieca14ParameterValueELb0EE7_S_baseES2_
FN:212,_ZNSt10_Iter_baseIPN7Bavieca10DependencyELb0EE7_S_baseES2_
FN:212,_ZNSt10_Iter_baseIN9__gnu_cxx17__normal_iteratorIPKN7Bavieca14ParameterValueESt6vectorIS3_SaIS3_EEEELb0EE7_S_baseES9_
FN:212,_ZNSt10_Iter_baseIPSsLb0EE7_S_baseES0_
FN:212,_ZNSt10_Iter_baseIPN7Bavieca15IncompatibilityELb0EE7_S_baseES2_
FN:220,_ZNSt10_Iter_baseIN9__gnu_cxx17__normal_iteratorIPKN7Bavieca14ParameterValueESt6vectorIS3_SaIS3_EEEELb1EE7_S_baseES9_
FN:220,_ZNSt10_Iter_baseIN9__gnu_cxx17__normal_iteratorIPN7Bavieca14ParameterValueESt6vectorIS3_SaIS3_EEEELb1EE7_S_baseES8_
FNDA:0,_ZNSt10_Iter_baseIN9__gnu_cxx17__normal_iteratorIPKN7Bavieca14ParameterValueESt6vectorIS3_SaIS3_EEEELb0EE7_S_baseES9_
FNDA:0,_ZNSt10_Iter_baseIPN7Bavieca10DependencyELb0EE7_S_baseES2_
FNDA:0,_ZNSt10_Iter_baseIPN7Bavieca14ParameterValueELb0EE7_S_baseES2_
FNDA:0,_ZNSt10_Iter_baseIPN7Bavieca15IncompatibilityELb0EE7_S_baseES2_
FNDA:0,_ZNSt10_Iter_baseIPSsLb0EE7_S_baseES0_
FNDA:0,_ZNSt10_Iter_baseIN9__gnu_cxx17__normal_iteratorIPN7Bavieca14ParameterValueESt6vectorIS3_SaIS3_EEEELb1EE7_S_baseES8_
FNDA:0,_ZNSt10_Iter_baseIN9__gnu_cxx17__normal_iteratorIPKN7Bavieca14ParameterValueESt6vectorIS3_SaIS3_EEEELb1EE7_S_baseES9_
FNF:7
FNH:0
DA:212,0
DA:213,0
DA:220,0
DA:221,0
LF:4
LH:0
end_of_record
SF:/usr/include/c++/4.8.2/bits/stl_map.h
FN:96,_ZNSt3mapISsPN7Bavieca9ParameterESt4lessISsESaISt4pairIKSsS2_EEED2Ev
FN:160,_ZNSt3mapISsPN7Bavieca9ParameterESt4lessISsESaISt4pairIKSsS2_EEEC2Ev
FN:320,_ZNSt3mapISsPN7Bavieca9ParameterESt4lessISsESaISt4pairIKSsS2_EEE5beginEv
FN:338,_ZNSt3mapISsPN7Bavieca9ParameterESt4lessISsESaISt4pairIKSsS2_EEE3endEv
FN:429,_ZNKSt3mapISsPN7Bavieca9ParameterESt4lessISsESaISt4pairIKSsS2_EEE5emptyEv
FN:434,_ZNKSt3mapISsPN7Bavieca9ParameterESt4lessISsESaISt4pairIKSsS2_EEE4sizeEv
FN:456,_ZNSt3mapISsPN7Bavieca9ParameterESt4lessISsESaISt4pairIKSsS2_EEEixERS6_
FN:594,_ZNSt3mapISsPN7Bavieca9ParameterESt4lessISsESaISt4pairIKSsS2_EEE6insertERKS7_
FN:646,_ZNSt3mapISsPN7Bavieca9ParameterESt4lessISsESaISt4pairIKSsS2_EEE6insertESt17_Rb_tree_iteratorIS7_ERKS7_
FN:797,_ZNKSt3mapISsPN7Bavieca9ParameterESt4lessISsESaISt4pairIKSsS2_EEE8key_compEv
FN:821,_ZNSt3mapISsPN7Bavieca9ParameterESt4lessISsESaISt4pairIKSsS2_EEE4findERS6_
FN:863,_ZNSt3mapISsPN7Bavieca9ParameterESt4lessISsESaISt4pairIKSsS2_EEE11lower_boundERS6_
FNDA:4,_ZNSt3mapISsPN7Bavieca9ParameterESt4lessISsESaISt4pairIKSsS2_EEED2Ev
FNDA:4,_ZNSt3mapISsPN7Bavieca9ParameterESt4lessISsESaISt4pairIKSsS2_EEEC2Ev
FNDA:0,_ZNSt3mapISsPN7Bavieca9ParameterESt4lessISsESaISt4pairIKSsS2_EEE5beginEv
FNDA:0,_ZNSt3mapISsPN7Bavieca9ParameterESt4lessISsESaISt4pairIKSsS2_EEE3endEv
FNDA:3,_ZNKSt3mapISsPN7Bavieca9ParameterESt4lessISsESaISt4pairIKSsS2_EEE5emptyEv
FNDA:0,_ZNKSt3mapISsPN7Bavieca9ParameterESt4lessISsESaISt4pairIKSsS2_EEE4sizeEv
FNDA:0,_ZNSt3mapISsPN7Bavieca9ParameterESt4lessISsESaISt4pairIKSsS2_EEEixERS6_
FNDA:52,_ZNSt3mapISsPN7Bavieca9ParameterESt4lessISsESaISt4pairIKSsS2_EEE6insertERKS7_
FNDA:0,_ZNSt3mapISsPN7Bavieca9ParameterESt4lessISsESaISt4pairIKSsS2_EEE6insertESt17_Rb_tree_iteratorIS7_ERKS7_
FNDA:0,_ZNKSt3mapISsPN7Bavieca9ParameterESt4lessISsESaISt4pairIKSsS2_EEE8key_compEv
FNDA:0,_ZNSt3mapISsPN7Bavieca9ParameterESt4lessISsESaISt4pairIKSsS2_EEE4findERS6_
FNDA:0,_ZNSt3mapISsPN7Bavieca9ParameterESt4lessISsESaISt4pairIKSsS2_EEE11lower_boundERS6_
FNF:12
FNH:4
DA:96,4
DA:160,4
DA:161,4
DA:320,0
DA:321,0
DA:338,0
DA:339,0
DA:429,3
DA:430,3
DA:434,0
DA:435,0
DA:456,0
DA:461,0
DA:463,0
DA:469,0
DA:471,0
DA:594,52
DA:595,52
DA:646,0
DA:648,0
DA:797,0
DA:798,0
DA:821,0
DA:822,0
DA:863,0
DA:864,0
LF:26
LH:7
end_of_record
SF:/usr/include/c++/4.8.2/bits/stl_pair.h
FN:96,_ZNSt4pairIKSsPN7Bavieca9ParameterEED2Ev
FN:96,_ZNSt4pairIKSsPN7Bavieca9ParameterEEC2ERKS4_
FN:112,_ZNSt4pairIKSsPN7Bavieca9ParameterEEC2ERS0_RKS3_
FN:112,_ZNSt4pairIPSt18_Rb_tree_node_baseS1_EC2ERKS1_S4_
FN:112,_ZNSt4pairISt17_Rb_tree_iteratorIS_IKSsPN7Bavieca9ParameterEEEbEC2ERKS6_RKb
FNDA:52,_ZNSt4pairIKSsPN7Bavieca9ParameterEEC2ERKS4_
FNDA:104,_ZNSt4pairIKSsPN7Bavieca9ParameterEED2Ev
FNDA:274854,_ZNSt4pairIPSt18_Rb_tree_node_baseS1_EC2ERKS1_S4_
FNDA:52,_ZNSt4pairISt17_Rb_tree_iteratorIS_IKSsPN7Bavieca9ParameterEEEbEC2ERKS6_RKb
FNDA:52,_ZNSt4pairIKSsPN7Bavieca9ParameterEEC2ERS0_RKS3_
FNF:5
FNH:5
DA:96,156
DA:112,274958
DA:113,274958
LF:3
LH:3
end_of_record
SF:/usr/include/c++/4.8.2/bits/stl_tree.h
FN:174,_ZNSt17_Rb_tree_iteratorISt4pairIKSsPN7Bavieca9ParameterEEEC2EPSt13_Rb_tree_nodeIS5_E
FN:178,_ZNKSt17_Rb_tree_iteratorISt4pairIKSsPN7Bavieca9ParameterEEEdeEv
FN:182,_ZNKSt17_Rb_tree_iteratorISt4pairIKSsPN7Bavieca9ParameterEEEptEv
FN:187,_ZNSt17_Rb_tree_iteratorISt4pairIKSsPN7Bavieca9ParameterEEEppEv
FN:202,_ZNSt17_Rb_tree_iteratorISt4pairIKSsPN7Bavieca9ParameterEEEmmEv
FN:217,_ZNKSt17_Rb_tree_iteratorISt4pairIKSsPN7Bavieca9ParameterEEEeqERKS6_
FN:221,_ZNKSt17_Rb_tree_iteratorISt4pairIKSsPN7Bavieca9ParameterEEEneERKS6_
FN:250,_ZNSt23_Rb_tree_const_iteratorISt4pairIKSsPN7Bavieca9ParameterEEEC2ERKSt17_Rb_tree_iteratorIS5_E
FN:254,_ZNKSt23_Rb_tree_const_iteratorISt4pairIKSsPN7Bavieca9ParameterEEE13_M_const_castEv
FN:360,_ZNKSt8_Rb_treeISsSt4pairIKSsPN7Bavieca9ParameterEESt10_Select1stIS5_ESt4lessISsESaIS5_EE21_M_get_Node_allocatorEv
FN:364,_ZNKSt8_Rb_treeISsSt4pairIKSsPN7Bavieca9ParameterEESt10_Select1stIS5_ESt4lessISsESaIS5_EE13get_allocatorEv
FN:369,_ZNSt8_Rb_treeISsSt4pairIKSsPN7Bavieca9ParameterEESt10_Select1stIS5_ESt4lessISsESaIS5_EE11_M_get_nodeEv
FN:373,_ZNSt8_Rb_treeISsSt4pairIKSsPN7Bavieca9ParameterEESt10_Select1stIS5_ESt4lessISsESaIS5_EE11_M_put_nodeEPSt13_Rb_tree_nodeIS5_E
FN:378,_ZNSt8_Rb_treeISsSt4pairIKSsPN7Bavieca9ParameterEESt10_Select1stIS5_ESt4lessISsESaIS5_EE14_M_create_nodeERKS5_
FN:393,_ZNSt8_Rb_treeISsSt4pairIKSsPN7Bavieca9ParameterEESt10_Select1stIS5_ESt4lessISsESaIS5_EE15_M_destroy_nodeEPSt13_Rb_tree_nodeIS5_E
FN:439,_ZNSt8_Rb_treeISsSt4pairIKSsPN7Bavieca9ParameterEESt10_Select1stIS5_ESt4lessISsESaIS5_EE13_Rb_tree_implIS9_Lb0EED2Ev
FN:445,_ZNSt8_Rb_treeISsSt4pairIKSsPN7Bavieca9ParameterEESt10_Select1stIS5_ESt4lessISsESaIS5_EE13_Rb_tree_implIS9_Lb0EEC2Ev
FN:464,_ZNSt8_Rb_treeISsSt4pairIKSsPN7Bavieca9ParameterEESt10_Select1stIS5_ESt4lessISsESaIS5_EE13_Rb_tree_implIS9_Lb0EE13_M_initializeEv
FN:485,_ZNSt8_Rb_treeISsSt4pairIKSsPN7Bavieca9ParameterEESt10_Select1stIS5_ESt4lessISsESaIS5_EE11_M_leftmostEv
FN:493,_ZNSt8_Rb_treeISsSt4pairIKSsPN7Bavieca9ParameterEESt10_Select1stIS5_ESt4lessISsESaIS5_EE12_M_rightmostEv
FN:501,_ZNSt8_Rb_treeISsSt4pairIKSsPN7Bavieca9ParameterEESt10_Select1stIS5_ESt4lessISsESaIS5_EE8_M_beginEv
FN:512,_ZNSt8_Rb_treeISsSt4pairIKSsPN7Bavieca9ParameterEESt10_Select1stIS5_ESt4lessISsESaIS5_EE6_M_endEv
FN:520,_ZNSt8_Rb_treeISsSt4pairIKSsPN7Bavieca9ParameterEESt10_Select1stIS5_ESt4lessISsESaIS5_EE8_S_valueEPKSt13_Rb_tree_nodeIS5_E
FN:524,_ZNSt8_Rb_treeISsSt4pairIKSsPN7Bavieca9ParameterEESt10_Select1stIS5_ESt4lessISsESaIS5_EE6_S_keyEPKSt13_Rb_tree_nodeIS5_E
FN:528,_ZNSt8_Rb_treeISsSt4pairIKSsPN7Bavieca9ParameterEESt10_Select1stIS5_ESt4lessISsESaIS5_EE7_S_leftEPSt18_Rb_tree_node_base
FN:536,_ZNSt8_Rb_treeISsSt4pairIKSsPN7Bavieca9ParameterEESt10_Select1stIS5_ESt4lessISsESaIS5_EE8_S_rightEPSt18_Rb_tree_node_base
FN:544,_ZNSt8_Rb_treeISsSt4pairIKSsPN7Bavieca9ParameterEESt10_Select1stIS5_ESt4lessISsESaIS5_EE8_S_valueEPKSt18_Rb_tree_node_base
FN:548,_ZNSt8_Rb_treeISsSt4pairIKSsPN7Bavieca9ParameterEESt10_Select1stIS5_ESt4lessISsESaIS5_EE6_S_keyEPKSt18_Rb_tree_node_base
FN:648,_ZNSt8_Rb_treeISsSt4pairIKSsPN7Bavieca9ParameterEESt10_Select1stIS5_ESt4lessISsESaIS5_EEC2Ev
FN:670,_ZNSt8_Rb_treeISsSt4pairIKSsPN7Bavieca9ParameterEESt10_Select1stIS5_ESt4lessISsESaIS5_EED2Ev
FN:678,_ZNKSt8_Rb_treeISsSt4pairIKSsPN7Bavieca9ParameterEESt10_Select1stIS5_ESt4lessISsESaIS5_EE8key_compEv
FN:682,_ZNSt8_Rb_treeISsSt4pairIKSsPN7Bavieca9ParameterEESt10_Select1stIS5_ESt4lessISsESaIS5_EE5beginEv
FN:696,_ZNSt8_Rb_treeISsSt4pairIKSsPN7Bavieca9ParameterEESt10_Select1stIS5_ESt4lessISsESaIS5_EE3endEv
FN:723,_ZNKSt8_Rb_treeISsSt4pairIKSsPN7Bavieca9ParameterEESt10_Select1stIS5_ESt4lessISsESaIS5_EE5emptyEv
FN:727,_ZNKSt8_Rb_treeISsSt4pairIKSsPN7Bavieca9ParameterEESt10_Select1stIS5_ESt4lessISsESaIS5_EE4sizeEv
FN:878,_ZNSt8_Rb_treeISsSt4pairIKSsPN7Bavieca9ParameterEESt10_Select1stIS5_ESt4lessISsESaIS5_EE11lower_boundERS1_
FN:1012,_ZNSt8_Rb_treeISsSt4pairIKSsPN7Bavieca9ParameterEESt10_Select1stIS5_ESt4lessISsESaIS5_EE10_M_insert_EPSt18_Rb_tree_node_baseSD_RKS5_
FN:1119,_ZNSt8_Rb_treeISsSt4pairIKSsPN7Bavieca9ParameterEESt10_Select1stIS5_ESt4lessISsESaIS5_EE8_M_eraseEPSt13_Rb_tree_nodeIS5_E
FN:1136,_ZNSt8_Rb_treeISsSt4pairIKSsPN7Bavieca9ParameterEESt10_Select1stIS5_ESt4lessISsESaIS5_EE14_M_lower_boundEPSt13_Rb_tree_nodeIS5_ESE_RS1_
FN:1314,_ZNSt8_Rb_treeISsSt4pairIKSsPN7Bavieca9ParameterEESt10_Select1stIS5_ESt4lessISsESaIS5_EE24_M_get_insert_unique_posERS1_
FN:1368,_ZNSt8_Rb_treeISsSt4pairIKSsPN7Bavieca9ParameterEESt10_Select1stIS5_ESt4lessISsESaIS5_EE16_M_insert_uniqueERKS5_
FN:1411,_ZNSt8_Rb_treeISsSt4pairIKSsPN7Bavieca9ParameterEESt10_Select1stIS5_ESt4lessISsESaIS5_EE29_M_get_insert_hint_unique_posESt23_Rb_tree_const_iteratorIS5_ERS1_
FN:1470,_ZNSt8_Rb_treeISsSt4pairIKSsPN7Bavieca9ParameterEESt10_Select1stIS5_ESt4lessISsESaIS5_EE17_M_insert_unique_ESt23_Rb_tree_const_iteratorIS5_ERKS5_
FN:1789,_ZNSt8_Rb_treeISsSt4pairIKSsPN7Bavieca9ParameterEESt10_Select1stIS5_ESt4lessISsESaIS5_EE4findERS1_
FNDA:0,_ZNSt17_Rb_tree_iteratorISt4pairIKSsPN7Bavieca9ParameterEEEC2EPSt13_Rb_tree_nodeIS5_E
FNDA:0,_ZNKSt17_Rb_tree_iteratorISt4pairIKSsPN7Bavieca9ParameterEEEdeEv
FNDA:0,_ZNKSt17_Rb_tree_iteratorISt4pairIKSsPN7Bavieca9ParameterEEEptEv
FNDA:0,_ZNSt17_Rb_tree_iteratorISt4pairIKSsPN7Bavieca9ParameterEEEppEv
FNDA:17,_ZNSt17_Rb_tree_iteratorISt4pairIKSsPN7Bavieca9ParameterEEEmmEv
FNDA:0,_ZNKSt17_Rb_tree_iteratorISt4pairIKSsPN7Bavieca9ParameterEEEeqERKS6_
FNDA:0,_ZNKSt17_Rb_tree_iteratorISt4pairIKSsPN7Bavieca9ParameterEEEneERKS6_
FNDA:0,_ZNSt23_Rb_tree_const_iteratorISt4pairIKSsPN7Bavieca9ParameterEEEC2ERKSt17_Rb_tree_iteratorIS5_E
FNDA:0,_ZNKSt23_Rb_tree_const_iteratorISt4pairIKSsPN7Bavieca9ParameterEEE13_M_const_castEv
FNDA:104,_ZNKSt8_Rb_treeISsSt4pairIKSsPN7Bavieca9ParameterEESt10_Select1stIS5_ESt4lessISsESaIS5_EE21_M_get_Node_allocatorEv
FNDA:104,_ZNKSt8_Rb_treeISsSt4pairIKSsPN7Bavieca9ParameterEESt10_Select1stIS5_ESt4lessISsESaIS5_EE13get_allocatorEv
FNDA:52,_ZNSt8_Rb_treeISsSt4pairIKSsPN7Bavieca9ParameterEESt10_Select1stIS5_ESt4lessISsESaIS5_EE11_M_get_nodeEv
FNDA:52,_ZNSt8_Rb_treeISsSt4pairIKSsPN7Bavieca9ParameterEESt10_Select1stIS5_ESt4lessISsESaIS5_EE11_M_put_nodeEPSt13_Rb_tree_nodeIS5_E
FNDA:52,_ZNSt8_Rb_treeISsSt4pairIKSsPN7Bavieca9ParameterEESt10_Select1stIS5_ESt4lessISsESaIS5_EE14_M_create_nodeERKS5_
FNDA:52,_ZNSt8_Rb_treeISsSt4pairIKSsPN7Bavieca9ParameterEESt10_Select1stIS5_ESt4lessISsESaIS5_EE15_M_destroy_nodeEPSt13_Rb_tree_nodeIS5_E
FNDA:4,_ZNSt8_Rb_treeISsSt4pairIKSsPN7Bavieca9ParameterEESt10_Select1stIS5_ESt4lessISsESaIS5_EE13_Rb_tree_implIS9_Lb0EED2Ev
FNDA:4,_ZNSt8_Rb_treeISsSt4pairIKSsPN7Bavieca9ParameterEESt10_Select1stIS5_ESt4lessISsESaIS5_EE13_Rb_tree_implIS9_Lb0EEC2Ev
FNDA:4,_ZNSt8_Rb_treeISsSt4pairIKSsPN7Bavieca9ParameterEESt10_Select1stIS5_ESt4lessISsESaIS5_EE13_Rb_tree_implIS9_Lb0EE13_M_initializeEv
FNDA:0,_ZNSt8_Rb_treeISsSt4pairIKSsPN7Bavieca9ParameterEESt10_Select1stIS5_ESt4lessISsESaIS5_EE11_M_leftmostEv
FNDA:0,_ZNSt8_Rb_treeISsSt4pairIKSsPN7Bavieca9ParameterEESt10_Select1stIS5_ESt4lessISsESaIS5_EE12_M_rightmostEv
FNDA:0,_ZNSt8_Rb_treeISsSt4pairIKSsPN7Bavieca9ParameterEESt10_Select1stIS5_ESt4lessISsESaIS5_EE8_M_beginEv
FNDA:0,_ZNSt8_Rb_treeISsSt4pairIKSsPN7Bavieca9ParameterEESt10_Select1stIS5_ESt4lessISsESaIS5_EE6_M_endEv
FNDA:0,_ZNSt8_Rb_treeISsSt4pairIKSsPN7Bavieca9ParameterEESt10_Select1stIS5_ESt4lessISsESaIS5_EE8_S_valueEPKSt13_Rb_tree_nodeIS5_E
FNDA:0,_ZNSt8_Rb_treeISsSt4pairIKSsPN7Bavieca9ParameterEESt10_Select1stIS5_ESt4lessISsESaIS5_EE6_S_keyEPKSt13_Rb_tree_nodeIS5_E
FNDA:0,_ZNSt8_Rb_treeISsSt4pairIKSsPN7Bavieca9ParameterEESt10_Select1stIS5_ESt4lessISsESaIS5_EE7_S_leftEPSt18_Rb_tree_node_base
FNDA:0,_ZNSt8_Rb_treeISsSt4pairIKSsPN7Bavieca9ParameterEESt10_Select1stIS5_ESt4lessISsESaIS5_EE8_S_rightEPSt18_Rb_tree_node_base
FNDA:0,_ZNSt8_Rb_treeISsSt4pairIKSsPN7Bavieca9ParameterEESt10_Select1stIS5_ESt4lessISsESaIS5_EE8_S_valueEPKSt18_Rb_tree_node_base
FNDA:0,_ZNSt8_Rb_treeISsSt4pairIKSsPN7Bavieca9ParameterEESt10_Select1stIS5_ESt4lessISsESaIS5_EE6_S_keyEPKSt18_Rb_tree_node_base
FNDA:4,_ZNSt8_Rb_treeISsSt4pairIKSsPN7Bavieca9ParameterEESt10_Select1stIS5_ESt4lessISsESaIS5_EEC2Ev
FNDA:4,_ZNSt8_Rb_treeISsSt4pairIKSsPN7Bavieca9ParameterEESt10_Select1stIS5_ESt4lessISsESaIS5_EED2Ev
FNDA:0,_ZNKSt8_Rb_treeISsSt4pairIKSsPN7Bavieca9ParameterEESt10_Select1stIS5_ESt4lessISsESaIS5_EE8key_compEv
FNDA:0,_ZNSt8_Rb_treeISsSt4pairIKSsPN7Bavieca9ParameterEESt10_Select1stIS5_ESt4lessISsESaIS5_EE5beginEv
FNDA:0,_ZNSt8_Rb_treeISsSt4pairIKSsPN7Bavieca9ParameterEESt10_Select1stIS5_ESt4lessISsESaIS5_EE3endEv
FNDA:3,_ZNKSt8_Rb_treeISsSt4pairIKSsPN7Bavieca9ParameterEESt10_Select1stIS5_ESt4lessISsESaIS5_EE5emptyEv
FNDA:0,_ZNKSt8_Rb_treeISsSt4pairIKSsPN7Bavieca9ParameterEESt10_Select1stIS5_ESt4lessISsESaIS5_EE4sizeEv
FNDA:0,_ZNSt8_Rb_treeISsSt4pairIKSsPN7Bavieca9ParameterEESt10_Select1stIS5_ESt4lessISsESaIS5_EE11lower_boundERS1_
FNDA:52,_ZNSt8_Rb_treeISsSt4pairIKSsPN7Bavieca9ParameterEESt10_Select1stIS5_ESt4lessISsESaIS5_EE10_M_insert_EPSt18_Rb_tree_node_baseSD_RKS5_
FNDA:56,_ZNSt8_Rb_treeISsSt4pairIKSsPN7Bavieca9ParameterEESt10_Select1stIS5_ESt4lessISsESaIS5_EE8_M_eraseEPSt13_Rb_tree_nodeIS5_E
FNDA:0,_ZNSt8_Rb_treeISsSt4pairIKSsPN7Bavieca9ParameterEESt10_Select1stIS5_ESt4lessISsESaIS5_EE14_M_lower_boundEPSt13_Rb_tree_nodeIS5_ESE_RS1_
FNDA:52,_ZNSt8_Rb_treeISsSt4pairIKSsPN7Bavieca9ParameterEESt10_Select1stIS5_ESt4lessISsESaIS5_EE24_M_get_insert_unique_posERS1_
FNDA:52,_ZNSt8_Rb_treeISsSt4pairIKSsPN7Bavieca9ParameterEESt10_Select1stIS5_ESt4lessISsESaIS5_EE16_M_insert_uniqueERKS5_
FNDA:0,_ZNSt8_Rb_treeISsSt4pairIKSsPN7Bavieca9ParameterEESt10_Select1stIS5_ESt4lessISsESaIS5_EE29_M_get_insert_hint_unique_posESt23_Rb_tree_const_iteratorIS5_ERS1_
FNDA:0,_ZNSt8_Rb_treeISsSt4pairIKSsPN7Bavieca9ParameterEESt10_Select1stIS5_ESt4lessISsESaIS5_EE17_M_insert_unique_ESt23_Rb_tree_const_iteratorIS5_ERKS5_
FNDA:0,_ZNSt8_Rb_treeISsSt4pairIKSsPN7Bavieca9ParameterEESt10_Select1stIS5_ESt4lessISsESaIS5_EE4findERS1_
FNF:44
FNH:17
DA:174,0
DA:175,0
DA:178,0
DA:179,0
DA:182,0
DA:184,0
DA:187,0
DA:189,0
DA:190,0
DA:202,17
DA:204,17
DA:205,17
DA:217,0
DA:218,0
DA:221,0
DA:222,0
DA:250,0
DA:251,0
DA:254,0
DA:256,0
DA:360,104
DA:361,104
DA:364,104
DA:365,104
DA:369,52
DA:370,52
DA:373,52
DA:374,52
DA:378,52
DA:380,52
DA:382,52
DA:384,0
DA:386,0
DA:387,0
DA:389,52
DA:393,52
DA:395,52
DA:396,52
DA:397,52
DA:439,4
DA:445,4
DA:447,4
DA:448,4
DA:464,4
DA:466,4
DA:467,4
DA:468,4
DA:469,4
DA:470,4
DA:485,0
DA:486,0
DA:493,0
DA:494,0
DA:501,0
DA:502,0
DA:512,0
DA:513,0
DA:520,0
DA:521,0
DA:524,0
DA:525,0
DA:528,0
DA:529,0
DA:536,0
DA:537,0
DA:544,0
DA:545,0
DA:548,0
DA:549,0
DA:648,4
DA:670,4
DA:671,4
DA:678,0
DA:679,0
DA:682,0
DA:685,0
DA:696,0
DA:697,0
DA:723,3
DA:724,3
DA:727,0
DA:728,0
DA:878,0
DA:879,0
DA:1012,52
DA:1019,52
DA:1020,148
DA:1021,156
DA:1023,52
DA:1025,52
DA:1026,52
DA:1027,52
DA:1028,52
DA:1119,56
DA:1123,164
DA:1125,52
DA:1126,52
DA:1127,52
DA:1128,52
DA:1130,56
DA:1136,0
DA:1140,0
DA:1141,0
DA:1142,0
DA:1144,0
DA:1145,0
DA:1314,52
DA:1318,52
DA:1319,52
DA:1320,52
DA:1321,278
DA:1323,174
DA:1324,174
DA:1325,174
DA:1327,52
DA:1328,52
DA:1330,31
DA:1331,14
DA:1333,17
DA:1335,38
DA:1336,38
DA:1337,0
DA:1368,52
DA:1377,52
DA:1379,52
DA:1381,52
DA:1382,104
DA:1384,0
DA:1411,0
DA:1415,0
DA:1419,0
DA:1421,0
DA:1422,0
DA:1423,0
DA:1425,0
DA:1427,0
DA:1430,0
DA:1431,0
DA:1432,0
DA:1433,0
DA:1435,0
DA:1436,0
DA:1438,0
DA:1441,0
DA:1443,0
DA:1446,0
DA:1447,0
DA:1448,0
DA:1449,0
DA:1451,0
DA:1452,0
DA:1454,0
DA:1457,0
DA:1461,0
DA:1470,0
DA:1478,0
DA:1480,0
DA:1482,0
DA:1483,0
DA:1789,0
DA:1792,0
DA:1793,0
DA:1794,0
DA:1795,0
LF:164
LH:70
end_of_record
SF:/usr/include/c++/4.8.2/bits/stl_uninitialized.h
FN:68,_ZNSt20__uninitialized_copyILb0EE13__uninit_copyIPN7Bavieca14ParameterValueES4_EET0_T_S6_S5_
FN:68,_ZNSt20__uninitialized_copyILb0EE13__uninit_copyIPN7Bavieca10DependencyES4_EET0_T_S6_S5_
FN:68,_ZNSt20__uninitialized_copyILb0EE13__uninit_copyIN9__gnu_cxx17__normal_iteratorIPKN7Bavieca14ParameterValueESt6vectorIS5_SaIS5_EEEEPS5_EET0_T_SE_SD_
FN:68,_ZNSt20__uninitialized_copyILb0EE13__uninit_copyIPSsS2_EET0_T_S4_S3_
FN:91,_ZNSt20__uninitialized_copyILb1EE13__uninit_copyIPN7Bavieca15IncompatibilityES4_EET0_T_S6_S5_
FN:107,_ZSt18uninitialized_copyIN9__gnu_cxx17__normal_iteratorIPKN7Bavieca14ParameterValueESt6vectorIS3_SaIS3_EEEEPS3_ET0_T_SC_SB_
FN:107,_ZSt18uninitialized_copyIPN7Bavieca15IncompatibilityES2_ET0_T_S4_S3_
FN:107,_ZSt18uninitialized_copyIPN7Bavieca10DependencyES2_ET0_T_S4_S3_
FN:107,_ZSt18uninitialized_copyIPN7Bavieca14ParameterValueES2_ET0_T_S4_S3_
FN:107,_ZSt18uninitialized_copyIPSsS0_ET0_T_S2_S1_
FN:256,_ZSt22__uninitialized_copy_aIPN7Bavieca15IncompatibilityES2_S1_ET0_T_S4_S3_RSaIT1_E
FN:256,_ZSt22__uninitialized_copy_aIN9__gnu_cxx17__normal_iteratorIPKN7Bavieca14ParameterValueESt6vectorIS3_SaIS3_EEEEPS3_S3_ET0_T_SC_SB_RSaIT1_E
FN:256,_ZSt22__uninitialized_copy_aIPSsS0_SsET0_T_S2_S1_RSaIT1_E
FN:256,_ZSt22__uninitialized_copy_aIPN7Bavieca14ParameterValueES2_S1_ET0_T_S4_S3_RSaIT1_E
FN:256,_ZSt22__uninitialized_copy_aIPN7Bavieca10DependencyES2_S1_ET0_T_S4_S3_RSaIT1_E
FN:274,_ZSt34__uninitialized_move_if_noexcept_aIPN7Bavieca10DependencyES2_SaIS1_EET0_T_S5_S4_RT1_
FN:274,_ZSt34__uninitialized_move_if_noexcept_aIPSsS0_SaISsEET0_T_S3_S2_RT1_
FN:274,_ZSt34__uninitialized_move_if_noexcept_aIPN7Bavieca14ParameterValueES2_SaIS1_EET0_T_S5_S4_RT1_
FN:274,_ZSt34__uninitialized_move_if_noexcept_aIPN7Bavieca15IncompatibilityES2_SaIS1_EET0_T_S5_S4_RT1_
FNDA:0,_ZNSt20__uninitialized_copyILb0EE13__uninit_copyIPN7Bavieca10DependencyES4_EET0_T_S6_S5_
FNDA:0,_ZNSt20__uninitialized_copyILb0EE13__uninit_copyIN9__gnu_cxx17__normal_iteratorIPKN7Bavieca14ParameterValueESt6vectorIS5_SaIS5_EEEEPS5_EET0_T_SE_SD_
FNDA:0,_ZNSt20__uninitialized_copyILb0EE13__uninit_copyIPN7Bavieca14ParameterValueES4_EET0_T_S6_S5_
FNDA:68,_ZNSt20__uninitialized_copyILb0EE13__uninit_copyIPSsS2_EET0_T_S4_S3_
FNDA:0,_ZNSt20__uninitialized_copyILb1EE13__uninit_copyIPN7Bavieca15IncompatibilityES4_EET0_T_S6_S5_
FNDA:0,_ZSt18uninitialized_copyIPN7Bavieca10DependencyES2_ET0_T_S4_S3_
FNDA:0,_ZSt18uninitialized_copyIN9__gnu_cxx17__normal_iteratorIPKN7Bavieca14ParameterValueESt6vectorIS3_SaIS3_EEEEPS3_ET0_T_SC_SB_
FNDA:0,_ZSt18uninitialized_copyIPN7Bavieca14ParameterValueES2_ET0_T_S4_S3_
FNDA:0,_ZSt18uninitialized_copyIPN7Bavieca15IncompatibilityES2_ET0_T_S4_S3_
FNDA:68,_ZSt18uninitialized_copyIPSsS0_ET0_T_S2_S1_
FNDA:0,_ZSt22__uninitialized_copy_aIPN7Bavieca10DependencyES2_S1_ET0_T_S4_S3_RSaIT1_E
FNDA:0,_ZSt22__uninitialized_copy_aIN9__gnu_cxx17__normal_iteratorIPKN7Bavieca14ParameterValueESt6vectorIS3_SaIS3_EEEEPS3_S3_ET0_T_SC_SB_RSaIT1_E
FNDA:0,_ZSt22__uninitialized_copy_aIPN7Bavieca14ParameterValueES2_S1_ET0_T_S4_S3_RSaIT1_E
FNDA:0,_ZSt22__uninitialized_copy_aIPN7Bavieca15IncompatibilityES2_S1_ET0_T_S4_S3_RSaIT1_E
FNDA:68,_ZSt22__uninitialized_copy_aIPSsS0_SsET0_T_S2_S1_RSaIT1_E
FNDA:0,_ZSt34__uninitialized_move_if_noexcept_aIPN7Bavieca10DependencyES2_SaIS1_EET0_T_S5_S4_RT1_
FNDA:0,_ZSt34__uninitialized_move_if_noexcept_aIPN7Bavieca14ParameterValueES2_SaIS1_EET0_T_S5_S4_RT1_
FNDA:0,_ZSt34__uninitialized_move_if_noexcept_aIPN7Bavieca15IncompatibilityES2_SaIS1_EET0_T_S5_S4_RT1_
FNDA:68,_ZSt34__uninitialized_move_if_noexcept_aIPSsS0_SaISsEET0_T_S3_S2_RT1_
FNF:19
FNH:4
DA:68,68
DA:71,68
DA:74,149
DA:75,81
DA:76,68
DA:78,0
DA:80,0
DA:81,0
DA:91,0
DA:93,0
DA:107,68
DA:117,68
DA:256,68
DA:258,68
DA:274,68
DA:281,68
LF:16
LH:11
end_of_record
SF:/usr/include/c++/4.8.2/bits/stl_vector.h
FN:79,_ZNSt12_Vector_baseIN7Bavieca14ParameterValueESaIS1_EE12_Vector_implD2Ev
FN:79,_ZNSt12_Vector_baseIN7Bavieca15IncompatibilityESaIS1_EE12_Vector_implD2Ev
FN:79,_ZNSt12_Vector_baseISsSaISsEE12_Vector_implD2Ev
FN:79,_ZNSt12_Vector_baseIN7Bavieca10DependencyESaIS1_EE12_Vector_implD2Ev
FN:86,_ZNSt12_Vector_baseIN7Bavieca15IncompatibilityESaIS1_EE12_Vector_implC2Ev
FN:86,_ZNSt12_Vector_baseIN7Bavieca10DependencyESaIS1_EE12_Vector_implC2Ev
FN:86,_ZNSt12_Vector_baseISsSaISsEE12_Vector_implC2Ev
FN:86,_ZNSt12_Vector_baseIN7Bavieca14ParameterValueESaIS1_EE12_Vector_implC2Ev
FN:90,_ZNSt12_Vector_baseIN7Bavieca14ParameterValueESaIS1_EE12_Vector_implC2ERKS2_
FN:113,_ZNSt12_Vector_baseIN7Bavieca14ParameterValueESaIS1_EE19_M_get_Tp_allocatorEv
FN:113,_ZNSt12_Vector_baseIN7Bavieca15IncompatibilityESaIS1_EE19_M_get_Tp_allocatorEv
FN:113,_ZNSt12_Vector_baseIN7Bavieca10DependencyESaIS1_EE19_M_get_Tp_allocatorEv
FN:113,_ZNSt12_Vector_baseISsSaISsEE19_M_get_Tp_allocatorEv
FN:117,_ZNKSt12_Vector_baseIN7Bavieca10DependencyESaIS1_EE19_M_get_Tp_allocatorEv
FN:117,_ZNKSt12_Vector_baseISsSaISsEE19_M_get_Tp_allocatorEv
FN:117,_ZNKSt12_Vector_baseIN7Bavieca15IncompatibilityESaIS1_EE19_M_get_Tp_allocatorEv
FN:117,_ZNKSt12_Vector_baseIN7Bavieca14ParameterValueESaIS1_EE19_M_get_Tp_allocatorEv
FN:124,_ZNSt12_Vector_baseIN7Bavieca15IncompatibilityESaIS1_EEC2Ev
FN:124,_ZNSt12_Vector_baseIN7Bavieca10DependencyESaIS1_EEC2Ev
FN:124,_ZNSt12_Vector_baseISsSaISsEEC2Ev
FN:124,_ZNSt12_Vector_baseIN7Bavieca14ParameterValueESaIS1_EEC2Ev
FN:134,_ZNSt12_Vector_baseIN7Bavieca14ParameterValueESaIS1_EEC2EmRKS2_
FN:159,_ZNSt12_Vector_baseISsSaISsEED2Ev
FN:159,_ZNSt12_Vector_baseIN7Bavieca14ParameterValueESaIS1_EED2Ev
FN:159,_ZNSt12_Vector_baseIN7Bavieca15IncompatibilityESaIS1_EED2Ev
FN:159,_ZNSt12_Vector_baseIN7Bavieca10DependencyESaIS1_EED2Ev
FN:167,_ZNSt12_Vector_baseISsSaISsEE11_M_allocateEm
FN:167,_ZNSt12_Vector_baseIN7Bavieca10DependencyESaIS1_EE11_M_allocateEm
FN:167,_ZNSt12_Vector_baseIN7Bavieca14ParameterValueESaIS1_EE11_M_allocateEm
FN:167,_ZNSt12_Vector_baseIN7Bavieca15IncompatibilityESaIS1_EE11_M_allocateEm
FN:171,_ZNSt12_Vector_baseIN7Bavieca15IncompatibilityESaIS1_EE13_M_deallocateEPS1_m
FN:171,_ZNSt12_Vector_baseIN7Bavieca10DependencyESaIS1_EE13_M_deallocateEPS1_m
FN:171,_ZNSt12_Vector_baseISsSaISsEE13_M_deallocateEPSsm
FN:171,_ZNSt12_Vector_baseIN7Bavieca14ParameterValueESaIS1_EE13_M_deallocateEPS1_m
FN:179,_ZNSt12_Vector_baseIN7Bavieca14ParameterValueESaIS1_EE17_M_create_storageEm
FN:248,_ZNSt6vectorIN7Bavieca10DependencyESaIS1_EEC2Ev
FN:248,_ZNSt6vectorIN7Bavieca15IncompatibilityESaIS1_EEC2Ev
FN:248,_ZNSt6vectorIN7Bavieca14ParameterValueESaIS1_EEC2Ev
FN:248,_ZNSt6vectorISsSaISsEEC2Ev
FN:310,_ZNSt6vectorIN7Bavieca14ParameterValueESaIS1_EEC2ERKS3_
FN:414,_ZNSt6vectorIN7Bavieca15IncompatibilityESaIS1_EED2Ev
FN:414,_ZNSt6vectorISsSaISsEED2Ev
FN:414,_ZNSt6vectorIN7Bavieca10DependencyESaIS1_EED2Ev
FN:414,_ZNSt6vectorIN7Bavieca14ParameterValueESaIS1_EED2Ev
FN:538,_ZNSt6vectorIN7Bavieca14ParameterValueESaIS1_EE5beginEv
FN:538,_ZNSt6vectorIN7Bavieca10DependencyESaIS1_EE5beginEv
FN:538,_ZNSt6vectorISsSaISsEE5beginEv
FN:538,_ZNSt6vectorIN7Bavieca15IncompatibilityESaIS1_EE5beginEv
FN:547,_ZNKSt6vectorIN7Bavieca14ParameterValueESaIS1_EE5beginEv
FN:556,_ZNSt6vectorISsSaISsEE3endEv
FN:556,_ZNSt6vectorIN7Bavieca10DependencyESaIS1_EE3endEv
FN:556,_ZNSt6vectorIN7Bavieca14ParameterValueESaIS1_EE3endEv
FN:556,_ZNSt6vectorIN7Bavieca15IncompatibilityESaIS1_EE3endEv
FN:565,_ZNKSt6vectorIN7Bavieca14ParameterValueESaIS1_EE3endEv
FN:645,_ZNKSt6vectorISsSaISsEE4sizeEv
FN:645,_ZNKSt6vectorIN7Bavieca14ParameterValueESaIS1_EE4sizeEv
FN:645,_ZNKSt6vectorIN7Bavieca10DependencyESaIS1_EE4sizeEv
FN:645,_ZNKSt6vectorIN7Bavieca15IncompatibilityESaIS1_EE4sizeEv
FN:650,_ZNKSt6vectorIN7Bavieca14ParameterValueESaIS1_EE8max_sizeEv
FN:650,_ZNKSt6vectorISsSaISsEE8max_sizeEv
FN:650,_ZNKSt6vectorIN7Bavieca15IncompatibilityESaIS1_EE8max_sizeEv
FN:650,_ZNKSt6vectorIN7Bavieca10DependencyESaIS1_EE8max_sizeEv
FN:725,_ZNKSt6vectorIN7Bavieca14ParameterValueESaIS1_EE8capacityEv
FN:901,_ZNSt6vectorIN7Bavieca15IncompatibilityESaIS1_EE9push_backERKS1_
FN:901,_ZNSt6vectorISsSaISsEE9push_backERKSs
FN:901,_ZNSt6vectorIN7Bavieca14ParameterValueESaIS1_EE9push_backERKS1_
FN:901,_ZNSt6vectorIN7Bavieca10DependencyESaIS1_EE9push_backERKS1_
FN:1135,_ZNSt6vectorIN7Bavieca14ParameterValueESaIS1_EE20_M_allocate_and_copyIN9__gnu_cxx17__normal_iteratorIPKS1_S3_EEEEPS1_mT_SB_
FN:1336,_ZNKSt6vectorISsSaISsEE12_M_check_lenEmPKc
FN:1336,_ZNKSt6vectorIN7Bavieca15IncompatibilityESaIS1_EE12_M_check_lenEmPKc
FN:1336,_ZNKSt6vectorIN7Bavieca14ParameterValueESaIS1_EE12_M_check_lenEmPKc
FN:1336,_ZNKSt6vectorIN7Bavieca10DependencyESaIS1_EE12_M_check_lenEmPKc
FNDA:0,_ZNSt12_Vector_baseIN7Bavieca14ParameterValueESaIS1_EE12_Vector_implD2Ev
FNDA:13,_ZNSt12_Vector_baseISsSaISsEE12_Vector_implD2Ev
FNDA:4,_ZNSt12_Vector_baseIN7Bavieca10DependencyESaIS1_EE12_Vector_implD2Ev
FNDA:4,_ZNSt12_Vector_baseIN7Bavieca15IncompatibilityESaIS1_EE12_Vector_implD2Ev
FNDA:0,_ZNSt12_Vector_baseIN7Bavieca14ParameterValueESaIS1_EE12_Vector_implC2Ev
FNDA:13,_ZNSt12_Vector_baseISsSaISsEE12_Vector_implC2Ev
FNDA:4,_ZNSt12_Vector_baseIN7Bavieca10DependencyESaIS1_EE12_Vector_implC2Ev
FNDA:4,_ZNSt12_Vector_baseIN7Bavieca15IncompatibilityESaIS1_EE12_Vector_implC2Ev
FNDA:0,_ZNSt12_Vector_baseIN7Bavieca14ParameterValueESaIS1_EE12_Vector_implC2ERKS2_
FNDA:0,_ZNSt12_Vector_baseIN7Bavieca14ParameterValueESaIS1_EE19_M_get_Tp_allocatorEv
FNDA:115,_ZNSt12_Vector_baseISsSaISsEE19_M_get_Tp_allocatorEv
FNDA:4,_ZNSt12_Vector_baseIN7Bavieca10DependencyESaIS1_EE19_M_get_Tp_allocatorEv
FNDA:4,_ZNSt12_Vector_baseIN7Bavieca15IncompatibilityESaIS1_EE19_M_get_Tp_allocatorEv
FNDA:0,_ZNKSt12_Vector_baseIN7Bavieca10DependencyESaIS1_EE19_M_get_Tp_allocatorEv
FNDA:0,_ZNKSt12_Vector_baseIN7Bavieca15IncompatibilityESaIS1_EE19_M_get_Tp_allocatorEv
FNDA:68,_ZNKSt12_Vector_baseISsSaISsEE19_M_get_Tp_allocatorEv
FNDA:0,_ZNKSt12_Vector_baseIN7Bavieca14ParameterValueESaIS1_EE19_M_get_Tp_allocatorEv
FNDA:0,_ZNSt12_Vector_baseIN7Bavieca14ParameterValueESaIS1_EEC2Ev
FNDA:13,_ZNSt12_Vector_baseISsSaISsEEC2Ev
FNDA:4,_ZNSt12_Vector_baseIN7Bavieca10DependencyESaIS1_EEC2Ev
FNDA:4,_ZNSt12_Vector_baseIN7Bavieca15IncompatibilityESaIS1_EEC2Ev
FNDA:0,_ZNSt12_Vector_baseIN7Bavieca14ParameterValueESaIS1_EEC2EmRKS2_
FNDA:0,_ZNSt12_Vector_baseIN7Bavieca14ParameterValueESaIS1_EED2Ev
FNDA:13,_ZNSt12_Vector_baseISsSaISsEED2Ev
FNDA:4,_ZNSt12_Vector_baseIN7Bavieca10DependencyESaIS1_EED2Ev
FNDA:4,_ZNSt12_Vector_baseIN7Bavieca15IncompatibilityESaIS1_EED2Ev
FNDA:0,_ZNSt12_Vector_baseIN7Bavieca10DependencyESaIS1_EE11_M_allocateEm
FNDA:0,_ZNSt12_Vector_baseIN7Bavieca14ParameterValueESaIS1_EE11_M_allocateEm
FNDA:0,_ZNSt12_Vector_baseIN7Bavieca15IncompatibilityESaIS1_EE11_M_allocateEm
FNDA:34,_ZNSt12_Vector_baseISsSaISsEE11_M_allocateEm
FNDA:0,_ZNSt12_Vector_baseIN7Bavieca14ParameterValueESaIS1_EE13_M_deallocateEPS1_m
FNDA:47,_ZNSt12_Vector_baseISsSaISsEE13_M_deallocateEPSsm
FNDA:4,_ZNSt12_Vector_baseIN7Bavieca10DependencyESaIS1_EE13_M_deallocateEPS1_m
FNDA:4,_ZNSt12_Vector_baseIN7Bavieca15IncompatibilityESaIS1_EE13_M_deallocateEPS1_m
FNDA:0,_ZNSt12_Vector_baseIN7Bavieca14ParameterValueESaIS1_EE17_M_create_storageEm
FNDA:0,_ZNSt6vectorIN7Bavieca14ParameterValueESaIS1_EEC2Ev
FNDA:13,_ZNSt6vectorISsSaISsEEC2Ev
FNDA:4,_ZNSt6vectorIN7Bavieca10DependencyESaIS1_EEC2Ev
FNDA:4,_ZNSt6vectorIN7Bavieca15IncompatibilityESaIS1_EEC2Ev
FNDA:0,_ZNSt6vectorIN7Bavieca14ParameterValueESaIS1_EEC2ERKS3_
FNDA:0,_ZNSt6vectorIN7Bavieca14ParameterValueESaIS1_EED2Ev
FNDA:13,_ZNSt6vectorISsSaISsEED2Ev
FNDA:4,_ZNSt6vectorIN7Bavieca10DependencyESaIS1_EED2Ev
FNDA:4,_ZNSt6vectorIN7Bavieca15IncompatibilityESaIS1_EED2Ev
FNDA:3,_ZNSt6vectorIN7Bavieca10DependencyESaIS1_EE5beginEv
FNDA:0,_ZNSt6vectorISsSaISsEE5beginEv
FNDA:0,_ZNSt6vectorIN7Bavieca14ParameterValueESaIS1_EE5beginEv
FNDA:7,_ZNSt6vectorIN7Bavieca15IncompatibilityESaIS1_EE5beginEv
FNDA:0,_ZNKSt6vectorIN7Bavieca14ParameterValueESaIS1_EE5beginEv
FNDA:3,_ZNSt6vectorIN7Bavieca10DependencyESaIS1_EE3endEv
FNDA:0,_ZNSt6vectorISsSaISsEE3endEv
FNDA:0,_ZNSt6vectorIN7Bavieca14ParameterValueESaIS1_EE3endEv
FNDA:7,_ZNSt6vectorIN7Bavieca15IncompatibilityESaIS1_EE3endEv
FNDA:0,_ZNKSt6vectorIN7Bavieca14ParameterValueESaIS1_EE3endEv
FNDA:0,_ZNKSt6vectorIN7Bavieca10DependencyESaIS1_EE4sizeEv
FNDA:0,_ZNKSt6vectorIN7Bavieca14ParameterValueESaIS1_EE4sizeEv
FNDA:0,_ZNKSt6vectorIN7Bavieca15IncompatibilityESaIS1_EE4sizeEv
FNDA:268,_ZNKSt6vectorISsSaISsEE4sizeEv
FNDA:0,_ZNKSt6vectorIN7Bavieca10DependencyESaIS1_EE8max_sizeEv
FNDA:0,_ZNKSt6vectorIN7Bavieca14ParameterValueESaIS1_EE8max_sizeEv
FNDA:0,_ZNKSt6vectorIN7Bavieca15IncompatibilityESaIS1_EE8max_sizeEv
FNDA:68,_ZNKSt6vectorISsSaISsEE8max_sizeEv
FNDA:0,_ZNKSt6vectorIN7Bavieca14ParameterValueESaIS1_EE8capacityEv
FNDA:0,_ZNSt6vectorIN7Bavieca10DependencyESaIS1_EE9push_backERKS1_
FNDA:0,_ZNSt6vectorIN7Bavieca14ParameterValueESaIS1_EE9push_backERKS1_
FNDA:0,_ZNSt6vectorIN7Bavieca15IncompatibilityESaIS1_EE9push_backERKS1_
FNDA:68,_ZNSt6vectorISsSaISsEE9push_backERKSs
FNDA:0,_ZNSt6vectorIN7Bavieca14ParameterValueESaIS1_EE20_M_allocate_and_copyIN9__gnu_cxx17__normal_iteratorIPKS1_S3_EEEEPS1_mT_SB_
FNDA:0,_ZNKSt6vectorIN7Bavieca10DependencyESaIS1_EE12_M_check_lenEmPKc
FNDA:0,_ZNKSt6vectorIN7Bavieca14ParameterValueESaIS1_EE12_M_check_lenEmPKc
FNDA:0,_ZNKSt6vectorIN7Bavieca15IncompatibilityESaIS1_EE12_M_check_lenEmPKc
FNDA:34,_ZNKSt6vectorISsSaISsEE12_M_check_lenEmPKc
FNF:72
FNH:34
DA:79,21
DA:86,21
DA:87,21
DA:88,21
DA:90,0
DA:91,0
DA:92,0
DA:113,123
DA:114,123
DA:117,68
DA:118,68
DA:124,21
DA:125,21
DA:134,0
DA:135,0
DA:136,0
DA:159,21
DA:160,21
DA:161,42
DA:167,34
DA:168,34
DA:171,55
DA:173,55
DA:174,34
DA:175,55
DA:179,0
DA:181,0
DA:182,0
DA:183,0
DA:184,0
DA:248,21
DA:249,21
DA:310,0
DA:312,0
DA:313,0
DA:316,0
DA:317,0
DA:414,21
DA:415,21
DA:416,42
DA:538,10
DA:539,10
DA:547,0
DA:548,0
DA:556,10
DA:557,10
DA:565,0
DA:566,0
DA:645,268
DA:646,268
DA:650,68
DA:651,68
DA:725,0
DA:727,0
DA:901,68
DA:903,68
DA:905,34
DA:906,34
DA:907,34
DA:913,34
DA:915,68
DA:1135,0
DA:1138,0
DA:1141,0
DA:1142,0
DA:1143,0
DA:1145,0
DA:1147,0
DA:1148,0
DA:1336,34
DA:1338,34
DA:1339,0
DA:1341,34
DA:1342,34
LF:74
LH:43
end_of_record
SF:/usr/include/c++/4.8.2/bits/vector.tcc
FN:160,_ZNSt6vectorIN7Bavieca14ParameterValueESaIS1_EEaSERKS3_
FN:318,_ZNSt6vectorIN7Bavieca15IncompatibilityESaIS1_EE13_M_insert_auxEN9__gnu_cxx17__normal_iteratorIPS1_S3_EERKS1_
FN:318,_ZNSt6vectorISsSaISsEE13_M_insert_auxEN9__gnu_cxx17__normal_iteratorIPSsS1_EERKSs
FN:318,_ZNSt6vectorIN7Bavieca14ParameterValueESaIS1_EE13_M_insert_auxEN9__gnu_cxx17__normal_iteratorIPS1_S3_EERKS1_
FN:318,_ZNSt6vectorIN7Bavieca10DependencyESaIS1_EE13_M_insert_auxEN9__gnu_cxx17__normal_iteratorIPS1_S3_EERKS1_
FNDA:0,_ZNSt6vectorIN7Bavieca14ParameterValueESaIS1_EEaSERKS3_
FNDA:0,_ZNSt6vectorIN7Bavieca10DependencyESaIS1_EE13_M_insert_auxEN9__gnu_cxx17__normal_iteratorIPS1_S3_EERKS1_
FNDA:0,_ZNSt6vectorIN7Bavieca14ParameterValueESaIS1_EE13_M_insert_auxEN9__gnu_cxx17__normal_iteratorIPS1_S3_EERKS1_
FNDA:0,_ZNSt6vectorIN7Bavieca15IncompatibilityESaIS1_EE13_M_insert_auxEN9__gnu_cxx17__normal_iteratorIPS1_S3_EERKS1_
FNDA:34,_ZNSt6vectorISsSaISsEE13_M_insert_auxEN9__gnu_cxx17__normal_iteratorIPSsS1_EERKSs
FNF:5
FNH:1
DA:160,0
DA:163,0
DA:184,0
DA:185,0
DA:188,0
DA:189,0
DA:190,0
DA:191,0
DA:193,0
DA:194,0
DA:195,0
DA:197,0
DA:199,0
DA:200,0
DA:204,0
DA:205,0
DA:206,0
DA:209,0
DA:211,0
DA:213,0
DA:318,34
DA:322,34
DA:324,0
DA:326,0
DA:327,0
DA:329,0
DA:331,0
DA:335,0
DA:343,34
DA:344,34
DA:345,34
DA:346,34
DA:353,34
DA:358,34
DA:360,34
DA:362,34
DA:365,34
DA:367,34
DA:369,34
DA:372,34
DA:374,0
DA:376,0
DA:377,0
DA:378,0
DA:380,0
DA:381,0
DA:382,0
DA:384,34
DA:385,34
DA:386,34
DA:388,34
DA:389,34
DA:390,34
DA:391,34
DA:393,34
LF:55
LH:22
end_of_record
SF:/usr/include/c++/4.8.2/ext/alloc_traits.h
FN:215,_ZN9__gnu_cxx14__alloc_traitsISaIN7Bavieca14ParameterValueEEE9constructIS2_EEvRS3_PS2_RKT_
FN:215,_ZN9__gnu_cxx14__alloc_traitsISaIN7Bavieca10DependencyEEE9constructIS2_EEvRS3_PS2_RKT_
FN:215,_ZN9__gnu_cxx14__alloc_traitsISaISsEE9constructISsEEvRS1_PSsRKT_
FN:215,_ZN9__gnu_cxx14__alloc_traitsISaIN7Bavieca15IncompatibilityEEE9constructIS2_EEvRS3_PS2_RKT_
FN:218,_ZN9__gnu_cxx14__alloc_traitsISaISsEE7destroyERS1_PSs
FN:218,_ZN9__gnu_cxx14__alloc_traitsISaIN7Bavieca14ParameterValueEEE7destroyERS3_PS2_
FN:218,_ZN9__gnu_cxx14__alloc_traitsISaIN7Bavieca15IncompatibilityEEE7destroyERS3_PS2_
FN:218,_ZN9__gnu_cxx14__alloc_traitsISaIN7Bavieca10DependencyEEE7destroyERS3_PS2_
FN:221,_ZN9__gnu_cxx14__alloc_traitsISaIN7Bavieca15IncompatibilityEEE8max_sizeERKS3_
FN:221,_ZN9__gnu_cxx14__alloc_traitsISaIN7Bavieca14ParameterValueEEE8max_sizeERKS3_
FN:221,_ZN9__gnu_cxx14__alloc_traitsISaISsEE8max_sizeERKS1_
FN:221,_ZN9__gnu_cxx14__alloc_traitsISaIN7Bavieca10DependencyEEE8max_sizeERKS3_
FN:224,_ZN9__gnu_cxx14__alloc_traitsISaIN7Bavieca14ParameterValueEEE17_S_select_on_copyERKS3_
FNDA:0,_ZN9__gnu_cxx14__alloc_traitsISaIN7Bavieca10DependencyEEE9constructIS2_EEvRS3_PS2_RKT_
FNDA:0,_ZN9__gnu_cxx14__alloc_traitsISaIN7Bavieca14ParameterValueEEE9constructIS2_EEvRS3_PS2_RKT_
FNDA:0,_ZN9__gnu_cxx14__alloc_traitsISaIN7Bavieca15IncompatibilityEEE9constructIS2_EEvRS3_PS2_RKT_
FNDA:68,_ZN9__gnu_cxx14__alloc_traitsISaISsEE9constructISsEEvRS1_PSsRKT_
FNDA:0,_ZN9__gnu_cxx14__alloc_traitsISaIN7Bavieca10DependencyEEE7destroyERS3_PS2_
FNDA:0,_ZN9__gnu_cxx14__alloc_traitsISaIN7Bavieca14ParameterValueEEE7destroyERS3_PS2_
FNDA:0,_ZN9__gnu_cxx14__alloc_traitsISaIN7Bavieca15IncompatibilityEEE7destroyERS3_PS2_
FNDA:0,_ZN9__gnu_cxx14__alloc_traitsISaISsEE7destroyERS1_PSs
FNDA:0,_ZN9__gnu_cxx14__alloc_traitsISaIN7Bavieca10DependencyEEE8max_sizeERKS3_
FNDA:0,_ZN9__gnu_cxx14__alloc_traitsISaIN7Bavieca14ParameterValueEEE8max_sizeERKS3_
FNDA:0,_ZN9__gnu_cxx14__alloc_traitsISaIN7Bavieca15IncompatibilityEEE8max_sizeERKS3_
FNDA:68,_ZN9__gnu_cxx14__alloc_traitsISaISsEE8max_sizeERKS1_
FNDA:0,_ZN9__gnu_cxx14__alloc_traitsISaIN7Bavieca14ParameterValueEEE17_S_select_on_copyERKS3_
FNF:13
FNH:2
DA:215,68
DA:216,68
DA:218,0
DA:219,0
DA:221,68
DA:222,68
DA:224,0
LF:7
LH:4
end_of_record
SF:/usr/include/c++/4.8.2/ext/atomicity.h
FN:48,_ZN9__gnu_cxxL18__exchange_and_addEPVii
FN:65,_ZN9__gnu_cxxL25__exchange_and_add_singleEPii
FN:78,_ZN9__gnu_cxxL27__exchange_and_add_dispatchEPii
FNDA:0,_ZN9__gnu_cxxL18__exchange_and_addEPVii
FNDA:0,_ZN9__gnu_cxxL25__exchange_and_add_singleEPii
FNDA:0,_ZN9__gnu_cxxL27__exchange_and_add_dispatchEPii
FNF:3
FNH:0
DA:48,0
DA:49,0
DA:65,0
DA:67,0
DA:68,0
DA:69,0
DA:78,0
DA:81,0
DA:82,0
DA:84,0
LF:10
LH:0
end_of_record
SF:/usr/include/c++/4.8.2/ext/new_allocator.h
FN:79,_ZN9__gnu_cxx13new_allocatorIN7Bavieca10DependencyEEC2Ev
FN:79,_ZN9__gnu_cxx13new_allocatorIN7Bavieca14ParameterValueEEC2Ev
FN:79,_ZN9__gnu_cxx13new_allocatorISt13_Rb_tree_nodeISt4pairIKSsPN7Bavieca9ParameterEEEEC2Ev
FN:79,_ZN9__gnu_cxx13new_allocatorISsEC2Ev
FN:79,_ZN9__gnu_cxx13new_allocatorIcEC2Ev
FN:79,_ZN9__gnu_cxx13new_allocatorIN7Bavieca15IncompatibilityEEC2Ev
FN:79,_ZN9__gnu_cxx13new_allocatorISt4pairIKSsPN7Bavieca9ParameterEEEC2Ev
FN:81,_ZN9__gnu_cxx13new_allocatorIcEC2ERKS1_
FN:81,_ZN9__gnu_cxx13new_allocatorIN7Bavieca14ParameterValueEEC2ERKS3_
FN:86,_ZN9__gnu_cxx13new_allocatorISt13_Rb_tree_nodeISt4pairIKSsPN7Bavieca9ParameterEEEED2Ev
FN:86,_ZN9__gnu_cxx13new_allocatorIN7Bavieca10DependencyEED2Ev
FN:86,_ZN9__gnu_cxx13new_allocatorIN7Bavieca15IncompatibilityEED2Ev
FN:86,_ZN9__gnu_cxx13new_allocatorISt4pairIKSsPN7Bavieca9ParameterEEED2Ev
FN:86,_ZN9__gnu_cxx13new_allocatorIcED2Ev
FN:86,_ZN9__gnu_cxx13new_allocatorIN7Bavieca14ParameterValueEED2Ev
FN:86,_ZN9__gnu_cxx13new_allocatorISsED2Ev
FN:99,_ZN9__gnu_cxx13new_allocatorISsE8allocateEmPKv
FN:99,_ZN9__gnu_cxx13new_allocatorIN7Bavieca10DependencyEE8allocateEmPKv
FN:99,_ZN9__gnu_cxx13new_allocatorIN7Bavieca15IncompatibilityEE8allocateEmPKv
FN:99,_ZN9__gnu_cxx13new_allocatorIN7Bavieca14ParameterValueEE8allocateEmPKv
FN:99,_ZN9__gnu_cxx13new_allocatorISt13_Rb_tree_nodeISt4pairIKSsPN7Bavieca9ParameterEEEE8allocateEmPKv
FN:109,_ZN9__gnu_cxx13new_allocatorISt13_Rb_tree_nodeISt4pairIKSsPN7Bavieca9ParameterEEEE10deallocateEPS8_m
FN:109,_ZN9__gnu_cxx13new_allocatorISsE10deallocateEPSsm
FN:109,_ZN9__gnu_cxx13new_allocatorIN7Bavieca10DependencyEE10deallocateEPS2_m
FN:109,_ZN9__gnu_cxx13new_allocatorIN7Bavieca14ParameterValueEE10deallocateEPS2_m
FN:109,_ZN9__gnu_cxx13new_allocatorIN7Bavieca15IncompatibilityEE10deallocateEPS2_m
FN:113,_ZNK9__gnu_cxx13new_allocatorIN7Bavieca10DependencyEE8max_sizeEv
FN:113,_ZNK9__gnu_cxx13new_allocatorISsE8max_sizeEv
FN:113,_ZNK9__gnu_cxx13new_allocatorISt13_Rb_tree_nodeISt4pairIKSsPN7Bavieca9ParameterEEEE8max_sizeEv
FN:113,_ZNK9__gnu_cxx13new_allocatorIN7Bavieca14ParameterValueEE8max_sizeEv
FN:113,_ZNK9__gnu_cxx13new_allocatorIN7Bavieca15IncompatibilityEE8max_sizeEv
FN:129,_ZN9__gnu_cxx13new_allocatorISsE9constructEPSsRKSs
FN:129,_ZN9__gnu_cxx13new_allocatorISt4pairIKSsPN7Bavieca9ParameterEEE9constructEPS6_RKS6_
FN:129,_ZN9__gnu_cxx13new_allocatorIN7Bavieca15IncompatibilityEE9constructEPS2_RKS2_
FN:129,_ZN9__gnu_cxx13new_allocatorIN7Bavieca10DependencyEE9constructEPS2_RKS2_
FN:129,_ZN9__gnu_cxx13new_allocatorIN7Bavieca14ParameterValueEE9constructEPS2_RKS2_
FN:133,_ZN9__gnu_cxx13new_allocatorIN7Bavieca10DependencyEE7destroyEPS2_
FN:133,_ZN9__gnu_cxx13new_allocatorISt4pairIKSsPN7Bavieca9ParameterEEE7destroyEPS6_
FN:133,_ZN9__gnu_cxx13new_allocatorISsE7destroyEPSs
FN:133,_ZN9__gnu_cxx13new_allocatorIN7Bavieca14ParameterValueEE7destroyEPS2_
FN:133,_ZN9__gnu_cxx13new_allocatorIN7Bavieca15IncompatibilityEE7destroyEPS2_
FNDA:104,_ZN9__gnu_cxx13new_allocatorISt4pairIKSsPN7Bavieca9ParameterEEEC2Ev
FNDA:0,_ZN9__gnu_cxx13new_allocatorIN7Bavieca14ParameterValueEEC2Ev
FNDA:13,_ZN9__gnu_cxx13new_allocatorISsEC2Ev
FNDA:4,_ZN9__gnu_cxx13new_allocatorIN7Bavieca10DependencyEEC2Ev
FNDA:4,_ZN9__gnu_cxx13new_allocatorIN7Bavieca15IncompatibilityEEC2Ev
FNDA:4,_ZN9__gnu_cxx13new_allocatorISt13_Rb_tree_nodeISt4pairIKSsPN7Bavieca9ParameterEEEEC2Ev
FNDA:0,_ZN9__gnu_cxx13new_allocatorIcEC2Ev
FNDA:0,_ZN9__gnu_cxx13new_allocatorIN7Bavieca14ParameterValueEEC2ERKS3_
FNDA:0,_ZN9__gnu_cxx13new_allocatorIcEC2ERKS1_
FNDA:104,_ZN9__gnu_cxx13new_allocatorISt4pairIKSsPN7Bavieca9ParameterEEED2Ev
FNDA:0,_ZN9__gnu_cxx13new_allocatorIN7Bavieca14ParameterValueEED2Ev
FNDA:13,_ZN9__gnu_cxx13new_allocatorISsED2Ev
FNDA:4,_ZN9__gnu_cxx13new_allocatorIN7Bavieca10DependencyEED2Ev
FNDA:4,_ZN9__gnu_cxx13new_allocatorIN7Bavieca15IncompatibilityEED2Ev
FNDA:4,_ZN9__gnu_cxx13new_allocatorISt13_Rb_tree_nodeISt4pairIKSsPN7Bavieca9ParameterEEEED2Ev
FNDA:0,_ZN9__gnu_cxx13new_allocatorIcED2Ev
FNDA:52,_ZN9__gnu_cxx13new_allocatorISt13_Rb_tree_nodeISt4pairIKSsPN7Bavieca9ParameterEEEE8allocateEmPKv
FNDA:0,_ZN9__gnu_cxx13new_allocatorIN7Bavieca10DependencyEE8allocateEmPKv
FNDA:0,_ZN9__gnu_cxx13new_allocatorIN7Bavieca14ParameterValueEE8allocateEmPKv
FNDA:0,_ZN9__gnu_cxx13new_allocatorIN7Bavieca15IncompatibilityEE8allocateEmPKv
FNDA:34,_ZN9__gnu_cxx13new_allocatorISsE8allocateEmPKv
FNDA:52,_ZN9__gnu_cxx13new_allocatorISt13_Rb_tree_nodeISt4pairIKSsPN7Bavieca9ParameterEEEE10deallocateEPS8_m
FNDA:0,_ZN9__gnu_cxx13new_allocatorIN7Bavieca14ParameterValueEE10deallocateEPS2_m
FNDA:34,_ZN9__gnu_cxx13new_allocatorISsE10deallocateEPSsm
FNDA:0,_ZN9__gnu_cxx13new_allocatorIN7Bavieca10DependencyEE10deallocateEPS2_m
FNDA:0,_ZN9__gnu_cxx13new_allocatorIN7Bavieca15IncompatibilityEE10deallocateEPS2_m
FNDA:52,_ZNK9__gnu_cxx13new_allocatorISt13_Rb_tree_nodeISt4pairIKSsPN7Bavieca9ParameterEEEE8max_sizeEv
FNDA:0,_ZNK9__gnu_cxx13new_allocatorIN7Bavieca10DependencyEE8max_sizeEv
FNDA:0,_ZNK9__gnu_cxx13new_allocatorIN7Bavieca14ParameterValueEE8max_sizeEv
FNDA:0,_ZNK9__gnu_cxx13new_allocatorIN7Bavieca15IncompatibilityEE8max_sizeEv
FNDA:102,_ZNK9__gnu_cxx13new_allocatorISsE8max_sizeEv
FNDA:52,_ZN9__gnu_cxx13new_allocatorISt4pairIKSsPN7Bavieca9ParameterEEE9constructEPS6_RKS6_
FNDA:0,_ZN9__gnu_cxx13new_allocatorIN7Bavieca10DependencyEE9constructEPS2_RKS2_
FNDA:0,_ZN9__gnu_cxx13new_allocatorIN7Bavieca14ParameterValueEE9constructEPS2_RKS2_
FNDA:0,_ZN9__gnu_cxx13new_allocatorIN7Bavieca15IncompatibilityEE9constructEPS2_RKS2_
FNDA:68,_ZN9__gnu_cxx13new_allocatorISsE9constructEPSsRKSs
FNDA:0,_ZN9__gnu_cxx13new_allocatorIN7Bavieca10DependencyEE7destroyEPS2_
FNDA:0,_ZN9__gnu_cxx13new_allocatorIN7Bavieca14ParameterValueEE7destroyEPS2_
FNDA:0,_ZN9__gnu_cxx13new_allocatorIN7Bavieca15IncompatibilityEE7destroyEPS2_
FNDA:0,_ZN9__gnu_cxx13new_allocatorISsE7destroyEPSs
FNDA:52,_ZN9__gnu_cxx13new_allocatorISt4pairIKSsPN7Bavieca9ParameterEEE7destroyEPS6_
FNF:41
FNH:19
DA:79,129
DA:81,0
DA:86,129
DA:99,86
DA:101,86
DA:102,0
DA:104,86
DA:109,86
DA:110,86
DA:113,154
DA:114,154
DA:129,120
DA:130,120
DA:133,52
LF:14
LH:12
end_of_record
SF:/usr/include/c++/4.8.2/iostream
DA:74,2
LF:1
LH:1
end_of_record
SF:/usr/include/c++/4.8.2/new
FN:109,_ZnwmPv
FN:115,_ZdlPvS_
FNDA:0,_ZnwmPv
FNDA:0,_ZdlPvS_
FNF:2
FNH:0
DA:109,0
DA:110,0
DA:115,0
LF:3
LH:0
end_of_record
SF:/usr/include/c++/4.8.2/sstream
FN:64,_ZNSt15basic_stringbufIcSt11char_traitsIcESaIcEED0Ev
FN:64,_ZNSt15basic_stringbufIcSt11char_traitsIcESaIcEED2Ev
FNDA:0,_ZNSt15basic_stringbufIcSt11char_traitsIcESaIcEED0Ev
FNDA:0,_ZNSt15basic_stringbufIcSt11char_traitsIcESaIcEED2Ev
FNF:2
FNH:0
DA:64,0
LF:1
LH:0
end_of_record
SF:/usr/include/c++/4.8.2/x86_64-redhat-linux/bits/gthr-default.h
FN:247,_ZL18__gthread_active_pv
FNDA:0,_ZL18__gthread_active_pv
FNF:1
FNH:0
DA:247,0
DA:251,0
LF:2
LH:0
end_of_record
SF:/data2/tzwang/refcode/IBMdec/src/decoder/common/base/LogMessage.h
FN:59,_ZN7Bavieca10LogMessage9getStreamEv
FNDA:0,_ZN7Bavieca10LogMessage9getStreamEv
FNF:1
FNH:0
DA:59,0
DA:61,0
LF:2
LH:0
end_of_record
SF:/data2/tzwang/refcode/IBMdec/src/decoder/common/config/ParameterManager.cpp
FN:25,_ZN7Bavieca16ParameterManagerC2Ev
FN:30,_ZN7Bavieca16ParameterManagerD2Ev
FN:47,_ZN7Bavieca16ParameterManager15defineParameterEPKcS2_cbS2_S2_
FN:105,_ZN7Bavieca16ParameterManager5parseERSt6vectorINS_14ParameterValueESaIS2_EE
FN:272,_ZN7Bavieca16ParameterManager17setParameterValueEPKcS2_
FN:282,_ZN7Bavieca16ParameterManager17getParameterValueEPKc
FN:295,_ZN7Bavieca16ParameterManager14isParameterSetEPKc
FN:306,_ZN7Bavieca16ParameterManager5printEv
FN:356,_ZN7Bavieca16ParameterManager11getItemListEPKc
FN:388,_ZN7Bavieca16ParameterManager8getRangeEPKc
FN:420,_ZN7Bavieca16ParameterManager21defineIncompatibilityEPKcb
FN:445,_ZN7Bavieca16ParameterManager16defineDependencyEPKcS2_
FN:498,_ZN7Bavieca16ParameterManager7isFloatEPKc
FN:514,_ZN7Bavieca16ParameterManager9isIntegerEPKc
FN:530,_ZN7Bavieca16ParameterManager9isBooleanEPKc
FN:540,_ZN7Bavieca16ParameterManager19getStrParameterTypeEc
FN:569,_ZN7Bavieca16ParameterManager5printEPNS_10DependencyE
FN:577,_Z41__static_initialization_and_destruction_0ii
FN:577,_GLOBAL__sub_I__ZN7Bavieca16ParameterManagerC2Ev
FNDA:4,_ZN7Bavieca16ParameterManagerC2Ev
FNDA:4,_ZN7Bavieca16ParameterManagerD2Ev
FNDA:52,_ZN7Bavieca16ParameterManager15defineParameterEPKcS2_cbS2_S2_
FNDA:3,_ZN7Bavieca16ParameterManager5parseERSt6vectorINS_14ParameterValueESaIS2_EE
FNDA:0,_ZN7Bavieca16ParameterManager17setParameterValueEPKcS2_
FNDA:4,_ZN7Bavieca16ParameterManager17getParameterValueEPKc
FNDA:10,_ZN7Bavieca16ParameterManager14isParameterSetEPKc
FNDA:0,_ZN7Bavieca16ParameterManager5printEv
FNDA:9,_ZN7Bavieca16ParameterManager11getItemListEPKc
FNDA:1,_ZN7Bavieca16ParameterManager8getRangeEPKc
FNDA:0,_ZN7Bavieca16ParameterManager21defineIncompatibilityEPKcb
FNDA:0,_ZN7Bavieca16ParameterManager16defineDependencyEPKcS2_
FNDA:7,_ZN7Bavieca16ParameterManager7isFloatEPKc
FNDA:14,_ZN7Bavieca16ParameterManager9isIntegerEPKc
FNDA:5,_ZN7Bavieca16ParameterManager9isBooleanEPKc
FNDA:0,_ZN7Bavieca16ParameterManager19getStrParameterTypeEc
FNDA:0,_ZN7Bavieca16ParameterManager5printEPNS_10DependencyE
FNDA:2,_GLOBAL__sub_I__ZN7Bavieca16ParameterManagerC2Ev
FNDA:2,_Z41__static_initialization_and_destruction_0ii
FNF:19
FNH:13
DA:25,4
DA:27,4
DA:30,8
DA:32,56
DA:33,52
DA:34,9
DA:36,52
DA:37,1
DA:39,52
DA:41,4
DA:42,0
DA:44,4
DA:47,52
DA:51,52
DA:52,24
DA:53,4
DA:54,0
DA:58,52
DA:59,0
DA:63,52
DA:64,0
DA:67,52
DA:68,52
DA:69,52
DA:70,52
DA:71,52
DA:72,52
DA:73,52
DA:74,52
DA:75,19
DA:77,33
DA:79,52
DA:80,52
DA:82,52
DA:84,10
DA:85,1
DA:86,1
DA:87,0
DA:92,9
DA:93,9
DA:94,0
DA:99,52
DA:101,52
DA:105,3
DA:108,3
DA:109,0
DA:113,45
DA:115,42
DA:116,42
DA:117,0
DA:120,42
DA:121,0
DA:124,42
DA:128,52
DA:130,49
DA:131,7
DA:132,0
DA:134,7
DA:138,42
DA:140,7
DA:143,5
DA:144,0
DA:146,5
DA:149,14
DA:150,0
DA:152,14
DA:155,7
DA:156,0
DA:158,7
DA:161,9
DA:164,0
DA:168,42
DA:169,9
DA:170,17
DA:171,17
DA:172,9
DA:173,9
DA:176,9
DA:177,0
DA:178,0
DA:182,42
DA:183,0
DA:184,0
DA:186,0
DA:187,0
DA:188,0
DA:189,0
DA:193,0
DA:194,0
DA:195,0
DA:196,0
DA:199,0
DA:200,0
DA:202,0
DA:203,0
DA:204,0
DA:205,0
DA:209,0
DA:210,0
DA:211,0
DA:212,0
DA:216,0
DA:223,3
DA:226,0
DA:227,0
DA:228,0
DA:229,0
DA:230,0
DA:231,0
DA:232,0
DA:233,0
DA:238,0
DA:239,0
DA:240,0
DA:241,0
DA:243,0
DA:248,3
DA:250,0
DA:251,0
DA:253,0
DA:254,0
DA:255,0
DA:256,0
DA:257,0
DA:260,0
DA:261,0
DA:262,0
DA:263,0
DA:264,0
DA:266,0
DA:269,3
DA:272,0
DA:274,0
DA:275,0
DA:276,0
DA:278,0
DA:279,0
DA:282,4
DA:284,4
DA:285,4
DA:286,0
DA:288,4
DA:289,0
DA:291,4
DA:295,10
DA:297,10
DA:298,10
DA:299,0
DA:302,10
DA:306,0
DA:308,0
DA:309,0
DA:310,0
DA:312,0
DA:313,0
DA:356,9
DA:358,9
DA:361,9
DA:363,9
DA:364,124
DA:365,115
DA:366,0
DA:368,115
DA:369,13
DA:370,0
DA:372,13
DA:373,13
DA:374,13
DA:376,102
DA:379,9
DA:380,9
DA:381,9
DA:384,9
DA:388,1
DA:390,1
DA:391,1
DA:392,0
DA:394,1
DA:395,1
DA:396,0
DA:398,1
DA:399,1
DA:400,1
DA:401,0
DA:404,1
DA:405,1
DA:406,1
DA:407,1
DA:408,1
DA:409,1
DA:410,1
DA:411,1
DA:412,1
DA:413,1
DA:414,1
DA:416,1
DA:420,0
DA:425,0
DA:426,0
DA:427,0
DA:431,0
DA:432,0
DA:433,0
DA:437,0
DA:438,0
DA:440,0
DA:445,0
DA:448,0
DA:449,0
DA:450,0
DA:453,0
DA:454,0
DA:457,0
DA:458,0
DA:459,0
DA:460,0
DA:461,0
DA:463,0
DA:464,0
DA:465,0
DA:467,0
DA:468,0
DA:472,0
DA:473,0
DA:475,0
DA:476,0
DA:480,0
DA:481,0
DA:482,0
DA:485,0
DA:486,0
DA:488,0
DA:490,0
DA:492,0
DA:494,0
DA:498,7
DA:500,7
DA:501,7
DA:502,7
DA:503,14
DA:504,14
DA:505,7
DA:507,0
DA:510,7
DA:514,14
DA:516,14
DA:517,14
DA:518,14
DA:519,28
DA:520,28
DA:521,14
DA:523,0
DA:526,14
DA:530,5
DA:532,5
DA:533,5
DA:536,0
DA:540,0
DA:542,0
DA:544,0
DA:547,0
DA:550,0
DA:553,0
DA:556,0
DA:559,0
DA:562,0
DA:569,0
DA:571,0
DA:572,0
DA:573,0
DA:575,0
DA:577,6
LF:272
LH:133
end_of_record
SF:/data2/tzwang/refcode/IBMdec/src/decoder/common/config/ParameterManager.h
FN:65,_ZN7Bavieca12AllowedRangeC2Ev
FN:65,_ZN7Bavieca12AllowedRangeD2Ev
FN:77,_ZN7Bavieca9ParameterD2Ev
FN:77,_ZN7Bavieca9ParameterC2Ev
FN:92,_ZN7Bavieca14ParameterValueC2Ev
FN:92,_ZN7Bavieca14ParameterValueD2Ev
FN:92,_ZN7Bavieca14ParameterValueC2ERKS0_
FN:92,_ZN7Bavieca14ParameterValueaSERKS0_
FN:100,_ZN7Bavieca10DependencyaSERKS0_
FN:100,_ZN7Bavieca10DependencyC2Ev
FN:100,_ZN7Bavieca10DependencyD2Ev
FN:100,_ZN7Bavieca10DependencyC2ERKS0_
FNDA:1,_ZN7Bavieca12AllowedRangeC2Ev
FNDA:1,_ZN7Bavieca12AllowedRangeD2Ev
FNDA:52,_ZN7Bavieca9ParameterC2Ev
FNDA:52,_ZN7Bavieca9ParameterD2Ev
FNDA:0,_ZN7Bavieca14ParameterValueaSERKS0_
FNDA:0,_ZN7Bavieca14ParameterValueC2ERKS0_
FNDA:0,_ZN7Bavieca14ParameterValueD2Ev
FNDA:0,_ZN7Bavieca14ParameterValueC2Ev
FNDA:0,_ZN7Bavieca10DependencyaSERKS0_
FNDA:0,_ZN7Bavieca10DependencyC2ERKS0_
FNDA:0,_ZN7Bavieca10DependencyD2Ev
FNDA:0,_ZN7Bavieca10DependencyC2Ev
FNF:12
FNH:4
DA:65,2
DA:77,104
DA:92,0
DA:100,0
LF:4
LH:2
end_of_record
TN:test
SF:/usr/include/c++/4.8.2/bits/allocator.h
FN:113,_ZNSaISt13_Rb_tree_nodeISt4pairIKSsSsEEEC2Ev
FN:119,_ZNSaISt4pairIKSsSsEEC2ISt13_Rb_tree_nodeIS1_EEERKSaIT_E
FN:121,_ZNSaISt13_Rb_tree_nodeISt4pairIKSsSsEEED2Ev
FN:121,_ZNSaISt4pairIKSsSsEED2Ev
FNDA:2,_ZNSaISt13_Rb_tree_nodeISt4pairIKSsSsEEEC2Ev
FNDA:78,_ZNSaISt4pairIKSsSsEEC2ISt13_Rb_tree_nodeIS1_EEERKSaIT_E
FNDA:78,_ZNSaISt4pairIKSsSsEED2Ev
FNDA:2,_ZNSaISt13_Rb_tree_nodeISt4pairIKSsSsEEED2Ev
FNF:4
FNH:4
DA:113,2
DA:119,78
DA:121,80
LF:3
LH:3
end_of_record
SF:/usr/include/c++/4.8.2/bits/basic_ios.h
FN:46,_ZSt13__check_facetISt5ctypeIcEERKT_PS3_
FNDA:0,_ZSt13__check_facetISt5ctypeIcEERKT_PS3_
FNF:1
FNH:0
DA:46,0
DA:48,0
DA:49,0
DA:50,0
LF:4
LH:0
end_of_record
SF:/usr/include/c++/4.8.2/bits/basic_string.h
FN:272,_ZNSs12_Alloc_hiderD2Ev
FN:2569,_ZStltIcSt11char_traitsIcESaIcEEbRKSbIT_T0_T1_ES8_
FNDA:0,_ZNSs12_Alloc_hiderD2Ev
FNDA:0,_ZStltIcSt11char_traitsIcESaIcEEbRKSbIT_T0_T1_ES8_
FNF:2
FNH:0
DA:272,0
DA:2569,0
DA:2571,0
LF:3
LH:0
end_of_record
SF:/usr/include/c++/4.8.2/bits/char_traits.h
FN:254,_ZNSt11char_traitsIcE7compareEPKcS2_m
FN:258,_ZNSt11char_traitsIcE6lengthEPKc
FNDA:0,_ZNSt11char_traitsIcE7compareEPKcS2_m
FNDA:0,_ZNSt11char_traitsIcE6lengthEPKc
FNF:2
FNH:0
DA:254,0
DA:255,0
DA:258,0
DA:259,0
LF:4
LH:0
end_of_record
SF:/usr/include/c++/4.8.2/bits/ios_base.h
FN:115,_ZStanSt13_Ios_OpenmodeS_
FN:119,_ZStorSt13_Ios_OpenmodeS_
FN:153,_ZStanSt12_Ios_IostateS_
FN:157,_ZStorSt12_Ios_IostateS_
FNDA:0,_ZStanSt13_Ios_OpenmodeS_
FNDA:0,_ZStorSt13_Ios_OpenmodeS_
FNDA:0,_ZStanSt12_Ios_IostateS_
FNDA:0,_ZStorSt12_Ios_IostateS_
FNF:4
FNH:0
DA:115,0
DA:116,0
DA:119,0
DA:120,0
DA:153,0
DA:154,0
DA:157,0
DA:158,0
LF:8
LH:0
end_of_record
SF:/usr/include/c++/4.8.2/bits/locale_facets.h
FN:865,_ZNKSt5ctypeIcE5widenEc
FNDA:0,_ZNKSt5ctypeIcE5widenEc
FNF:1
FNH:0
DA:865,0
DA:867,0
DA:868,0
DA:869,0
DA:870,0
LF:5
LH:0
end_of_record
SF:/usr/include/c++/4.8.2/bits/move.h
FN:47,_ZSt11__addressofISt4pairIKSsSsEEPT_RS3_
FNDA:0,_ZSt11__addressofISt4pairIKSsSsEEPT_RS3_
FNF:1
FNH:0
DA:47,0
DA:50,0
LF:2
LH:0
end_of_record
SF:/usr/include/c++/4.8.2/bits/stl_algobase.h
FN:193,_ZSt3minImERKT_S2_S2_
FNDA:0,_ZSt3minImERKT_S2_S2_
FNF:1
FNH:0
DA:193,0
DA:198,0
DA:199,0
DA:200,0
LF:4
LH:0
end_of_record
SF:/usr/include/c++/4.8.2/bits/stl_function.h
FN:234,_ZNKSt4lessISsEclERKSsS2_
FN:494,_ZNKSt10_Select1stISt4pairIKSsSsEEclERKS2_
FNDA:0,_ZNKSt4lessISsEclERKSsS2_
FNDA:443,_ZNKSt10_Select1stISt4pairIKSsSsEEclERKS2_
FNF:2
FNH:1
DA:234,0
DA:235,0
DA:494,443
DA:495,443
LF:4
LH:2
end_of_record
SF:/usr/include/c++/4.8.2/bits/stl_map.h
FN:96,_ZNSt3mapISsSsSt4lessISsESaISt4pairIKSsSsEEED2Ev
FN:160,_ZNSt3mapISsSsSt4lessISsESaISt4pairIKSsSsEEEC2Ev
FN:320,_ZNSt3mapISsSsSt4lessISsESaISt4pairIKSsSsEEE5beginEv
FN:338,_ZNSt3mapISsSsSt4lessISsESaISt4pairIKSsSsEEE3endEv
FN:594,_ZNSt3mapISsSsSt4lessISsESaISt4pairIKSsSsEEE6insertERKS4_
FN:821,_ZNSt3mapISsSsSt4lessISsESaISt4pairIKSsSsEEE4findERS3_
FNDA:2,_ZNSt3mapISsSsSt4lessISsESaISt4pairIKSsSsEEED2Ev
FNDA:2,_ZNSt3mapISsSsSt4lessISsESaISt4pairIKSsSsEEEC2Ev
FNDA:0,_ZNSt3mapISsSsSt4lessISsESaISt4pairIKSsSsEEE5beginEv
FNDA:0,_ZNSt3mapISsSsSt4lessISsESaISt4pairIKSsSsEEE3endEv
FNDA:39,_ZNSt3mapISsSsSt4lessISsESaISt4pairIKSsSsEEE6insertERKS4_
FNDA:39,_ZNSt3mapISsSsSt4lessISsESaISt4pairIKSsSsEEE4findERS3_
FNF:6
FNH:4
DA:96,2
DA:160,2
DA:161,2
DA:320,0
DA:321,0
DA:338,0
DA:339,0
DA:594,39
DA:595,39
DA:821,39
DA:822,39
LF:11
LH:7
end_of_record
SF:/usr/include/c++/4.8.2/bits/stl_pair.h
FN:96,_ZNSt4pairIKSsSsED2Ev
FN:96,_ZNSt4pairIKSsSsEC2ERKS1_
FN:112,_ZNSt4pairIPSt18_Rb_tree_node_baseS1_EC2ERKS1_S4_
FN:112,_ZNSt4pairISt17_Rb_tree_iteratorIS_IKSsSsEEbEC2ERKS3_RKb
FN:112,_ZNSt4pairIKSsSsEC2ERS0_S2_
FNDA:39,_ZNSt4pairIKSsSsEC2ERKS1_
FNDA:78,_ZNSt4pairIKSsSsED2Ev
FNDA:0,_ZNSt4pairIPSt18_Rb_tree_node_baseS1_EC2ERKS1_S4_
FNDA:39,_ZNSt4pairISt17_Rb_tree_iteratorIS_IKSsSsEEbEC2ERKS3_RKb
FNDA:39,_ZNSt4pairIKSsSsEC2ERS0_S2_
FNF:5
FNH:4
DA:96,117
DA:112,78
DA:113,78
LF:3
LH:3
end_of_record
SF:/usr/include/c++/4.8.2/bits/stl_tree.h
FN:174,_ZNSt17_Rb_tree_iteratorISt4pairIKSsSsEEC2EPSt13_Rb_tree_nodeIS2_E
FN:182,_ZNKSt17_Rb_tree_iteratorISt4pairIKSsSsEEptEv
FN:187,_ZNSt17_Rb_tree_iteratorISt4pairIKSsSsEEppEv
FN:202,_ZNSt17_Rb_tree_iteratorISt4pairIKSsSsEEmmEv
FN:217,_ZNKSt17_Rb_tree_iteratorISt4pairIKSsSsEEeqERKS3_
FN:221,_ZNKSt17_Rb_tree_iteratorISt4pairIKSsSsEEneERKS3_
FN:360,_ZNKSt8_Rb_treeISsSt4pairIKSsSsESt10_Select1stIS2_ESt4lessISsESaIS2_EE21_M_get_Node_allocatorEv
FN:364,_ZNKSt8_Rb_treeISsSt4pairIKSsSsESt10_Select1stIS2_ESt4lessISsESaIS2_EE13get_allocatorEv
FN:369,_ZNSt8_Rb_treeISsSt4pairIKSsSsESt10_Select1stIS2_ESt4lessISsESaIS2_EE11_M_get_nodeEv
FN:373,_ZNSt8_Rb_treeISsSt4pairIKSsSsESt10_Select1stIS2_ESt4lessISsESaIS2_EE11_M_put_nodeEPSt13_Rb_tree_nodeIS2_E
FN:378,_ZNSt8_Rb_treeISsSt4pairIKSsSsESt10_Select1stIS2_ESt4lessISsESaIS2_EE14_M_create_nodeERKS2_
FN:393,_ZNSt8_Rb_treeISsSt4pairIKSsSsESt10_Select1stIS2_ESt4lessISsESaIS2_EE15_M_destroy_nodeEPSt13_Rb_tree_nodeIS2_E
FN:439,_ZNSt8_Rb_treeISsSt4pairIKSsSsESt10_Select1stIS2_ESt4lessISsESaIS2_EE13_Rb_tree_implIS6_Lb0EED2Ev
FN:445,_ZNSt8_Rb_treeISsSt4pairIKSsSsESt10_Select1stIS2_ESt4lessISsESaIS2_EE13_Rb_tree_implIS6_Lb0EEC2Ev
FN:464,_ZNSt8_Rb_treeISsSt4pairIKSsSsESt10_Select1stIS2_ESt4lessISsESaIS2_EE13_Rb_tree_implIS6_Lb0EE13_M_initializeEv
FN:501,_ZNSt8_Rb_treeISsSt4pairIKSsSsESt10_Select1stIS2_ESt4lessISsESaIS2_EE8_M_beginEv
FN:512,_ZNSt8_Rb_treeISsSt4pairIKSsSsESt10_Select1stIS2_ESt4lessISsESaIS2_EE6_M_endEv
FN:520,_ZNSt8_Rb_treeISsSt4pairIKSsSsESt10_Select1stIS2_ESt4lessISsESaIS2_EE8_S_valueEPKSt13_Rb_tree_nodeIS2_E
FN:524,_ZNSt8_Rb_treeISsSt4pairIKSsSsESt10_Select1stIS2_ESt4lessISsESaIS2_EE6_S_keyEPKSt13_Rb_tree_nodeIS2_E
FN:528,_ZNSt8_Rb_treeISsSt4pairIKSsSsESt10_Select1stIS2_ESt4lessISsESaIS2_EE7_S_leftEPSt18_Rb_tree_node_base
FN:536,_ZNSt8_Rb_treeISsSt4pairIKSsSsESt10_Select1stIS2_ESt4lessISsESaIS2_EE8_S_rightEPSt18_Rb_tree_node_base
FN:544,_ZNSt8_Rb_treeISsSt4pairIKSsSsESt10_Select1stIS2_ESt4lessISsESaIS2_EE8_S_valueEPKSt18_Rb_tree_node_base
FN:548,_ZNSt8_Rb_treeISsSt4pairIKSsSsESt10_Select1stIS2_ESt4lessISsESaIS2_EE6_S_keyEPKSt18_Rb_tree_node_base
FN:648,_ZNSt8_Rb_treeISsSt4pairIKSsSsESt10_Select1stIS2_ESt4lessISsESaIS2_EEC2Ev
FN:670,_ZNSt8_Rb_treeISsSt4pairIKSsSsESt10_Select1stIS2_ESt4lessISsESaIS2_EED2Ev
FN:682,_ZNSt8_Rb_treeISsSt4pairIKSsSsESt10_Select1stIS2_ESt4lessISsESaIS2_EE5beginEv
FN:696,_ZNSt8_Rb_treeISsSt4pairIKSsSsESt10_Select1stIS2_ESt4lessISsESaIS2_EE3endEv
FN:1012,_ZNSt8_Rb_treeISsSt4pairIKSsSsESt10_Select1stIS2_ESt4lessISsESaIS2_EE10_M_insert_EPSt18_Rb_tree_node_baseSA_RKS2_
FN:1119,_ZNSt8_Rb_treeISsSt4pairIKSsSsESt10_Select1stIS2_ESt4lessISsESaIS2_EE8_M_eraseEPSt13_Rb_tree_nodeIS2_E
FN:1136,_ZNSt8_Rb_treeISsSt4pairIKSsSsESt10_Select1stIS2_ESt4lessISsESaIS2_EE14_M_lower_boundEPSt13_Rb_tree_nodeIS2_ESB_RS1_
FN:1314,_ZNSt8_Rb_treeISsSt4pairIKSsSsESt10_Select1stIS2_ESt4lessISsESaIS2_EE24_M_get_insert_unique_posERS1_
FN:1368,_ZNSt8_Rb_treeISsSt4pairIKSsSsESt10_Select1stIS2_ESt4lessISsESaIS2_EE16_M_insert_uniqueERKS2_
FN:1789,_ZNSt8_Rb_treeISsSt4pairIKSsSsESt10_Select1stIS2_ESt4lessISsESaIS2_EE4findERS1_
FNDA:0,_ZNSt17_Rb_tree_iteratorISt4pairIKSsSsEEC2EPSt13_Rb_tree_nodeIS2_E
FNDA:0,_ZNKSt17_Rb_tree_iteratorISt4pairIKSsSsEEptEv
FNDA:0,_ZNSt17_Rb_tree_iteratorISt4pairIKSsSsEEppEv
FNDA:17,_ZNSt17_Rb_tree_iteratorISt4pairIKSsSsEEmmEv
FNDA:65,_ZNKSt17_Rb_tree_iteratorISt4pairIKSsSsEEeqERKS3_
FNDA:0,_ZNKSt17_Rb_tree_iteratorISt4pairIKSsSsEEneERKS3_
FNDA:78,_ZNKSt8_Rb_treeISsSt4pairIKSsSsESt10_Select1stIS2_ESt4lessISsESaIS2_EE21_M_get_Node_allocatorEv
FNDA:78,_ZNKSt8_Rb_treeISsSt4pairIKSsSsESt10_Select1stIS2_ESt4lessISsESaIS2_EE13get_allocatorEv
FNDA:39,_ZNSt8_Rb_treeISsSt4pairIKSsSsESt10_Select1stIS2_ESt4lessISsESaIS2_EE11_M_get_nodeEv
FNDA:39,_ZNSt8_Rb_treeISsSt4pairIKSsSsESt10_Select1stIS2_ESt4lessISsESaIS2_EE11_M_put_nodeEPSt13_Rb_tree_nodeIS2_E
FNDA:39,_ZNSt8_Rb_treeISsSt4pairIKSsSsESt10_Select1stIS2_ESt4lessISsESaIS2_EE14_M_create_nodeERKS2_
FNDA:39,_ZNSt8_Rb_treeISsSt4pairIKSsSsESt10_Select1stIS2_ESt4lessISsESaIS2_EE15_M_destroy_nodeEPSt13_Rb_tree_nodeIS2_E
FNDA:2,_ZNSt8_Rb_treeISsSt4pairIKSsSsESt10_Select1stIS2_ESt4lessISsESaIS2_EE13_Rb_tree_implIS6_Lb0EED2Ev
FNDA:2,_ZNSt8_Rb_treeISsSt4pairIKSsSsESt10_Select1stIS2_ESt4lessISsESaIS2_EE13_Rb_tree_implIS6_Lb0EEC2Ev
FNDA:2,_ZNSt8_Rb_treeISsSt4pairIKSsSsESt10_Select1stIS2_ESt4lessISsESaIS2_EE13_Rb_tree_implIS6_Lb0EE13_M_initializeEv
FNDA:80,_ZNSt8_Rb_treeISsSt4pairIKSsSsESt10_Select1stIS2_ESt4lessISsESaIS2_EE8_M_beginEv
FNDA:117,_ZNSt8_Rb_treeISsSt4pairIKSsSsESt10_Select1stIS2_ESt4lessISsESaIS2_EE6_M_endEv
FNDA:268,_ZNSt8_Rb_treeISsSt4pairIKSsSsESt10_Select1stIS2_ESt4lessISsESaIS2_EE8_S_valueEPKSt13_Rb_tree_nodeIS2_E
FNDA:268,_ZNSt8_Rb_treeISsSt4pairIKSsSsESt10_Select1stIS2_ESt4lessISsESaIS2_EE6_S_keyEPKSt13_Rb_tree_nodeIS2_E
FNDA:163,_ZNSt8_Rb_treeISsSt4pairIKSsSsESt10_Select1stIS2_ESt4lessISsESaIS2_EE7_S_leftEPSt18_Rb_tree_node_base
FNDA:183,_ZNSt8_Rb_treeISsSt4pairIKSsSsESt10_Select1stIS2_ESt4lessISsESaIS2_EE8_S_rightEPSt18_Rb_tree_node_base
FNDA:99,_ZNSt8_Rb_treeISsSt4pairIKSsSsESt10_Select1stIS2_ESt4lessISsESaIS2_EE8_S_valueEPKSt18_Rb_tree_node_base
FNDA:99,_ZNSt8_Rb_treeISsSt4pairIKSsSsESt10_Select1stIS2_ESt4lessISsESaIS2_EE6_S_keyEPKSt18_Rb_tree_node_base
FNDA:2,_ZNSt8_Rb_treeISsSt4pairIKSsSsESt10_Select1stIS2_ESt4lessISsESaIS2_EEC2Ev
FNDA:2,_ZNSt8_Rb_treeISsSt4pairIKSsSsESt10_Select1stIS2_ESt4lessISsESaIS2_EED2Ev
FNDA:0,_ZNSt8_Rb_treeISsSt4pairIKSsSsESt10_Select1stIS2_ESt4lessISsESaIS2_EE5beginEv
FNDA:0,_ZNSt8_Rb_treeISsSt4pairIKSsSsESt10_Select1stIS2_ESt4lessISsESaIS2_EE3endEv
FNDA:39,_ZNSt8_Rb_treeISsSt4pairIKSsSsESt10_Select1stIS2_ESt4lessISsESaIS2_EE10_M_insert_EPSt18_Rb_tree_node_baseSA_RKS2_
FNDA:41,_ZNSt8_Rb_treeISsSt4pairIKSsSsESt10_Select1stIS2_ESt4lessISsESaIS2_EE8_M_eraseEPSt13_Rb_tree_nodeIS2_E
FNDA:39,_ZNSt8_Rb_treeISsSt4pairIKSsSsESt10_Select1stIS2_ESt4lessISsESaIS2_EE14_M_lower_boundEPSt13_Rb_tree_nodeIS2_ESB_RS1_
FNDA:39,_ZNSt8_Rb_treeISsSt4pairIKSsSsESt10_Select1stIS2_ESt4lessISsESaIS2_EE24_M_get_insert_unique_posERS1_
FNDA:39,_ZNSt8_Rb_treeISsSt4pairIKSsSsESt10_Select1stIS2_ESt4lessISsESaIS2_EE16_M_insert_uniqueERKS2_
FNDA:39,_ZNSt8_Rb_treeISsSt4pairIKSsSsESt10_Select1stIS2_ESt4lessISsESaIS2_EE4findERS1_
FNF:33
FNH:27
DA:174,0
DA:175,0
DA:182,0
DA:184,0
DA:187,0
DA:189,0
DA:190,0
DA:202,17
DA:204,17
DA:205,17
DA:217,65
DA:218,65
DA:221,0
DA:222,0
DA:360,78
DA:361,78
DA:364,78
DA:365,78
DA:369,39
DA:370,39
DA:373,39
DA:374,39
DA:378,39
DA:380,39
DA:382,39
DA:384,0
DA:386,0
DA:387,0
DA:389,39
DA:393,39
DA:395,39
DA:396,39
DA:397,39
DA:439,2
DA:445,2
DA:447,2
DA:448,2
DA:464,2
DA:466,2
DA:467,2
DA:468,2
DA:469,2
DA:470,2
DA:501,80
DA:502,80
DA:512,117
DA:513,117
DA:520,268
DA:521,268
DA:524,268
DA:525,268
DA:528,163
DA:529,163
DA:536,183
DA:537,183
DA:544,99
DA:545,99
DA:548,99
DA:549,99
DA:648,2
DA:670,2
DA:671,2
DA:682,0
DA:685,0
DA:696,0
DA:697,0
DA:1012,39
DA:1019,39
DA:1020,113
DA:1021,117
DA:1023,39
DA:1025,39
DA:1026,39
DA:1027,39
DA:1028,39
DA:1119,41
DA:1123,121
DA:1125,39
DA:1126,39
DA:1127,39
DA:1128,39
DA:1130,41
DA:1136,39
DA:1140,212
DA:1141,134
DA:1142,62
DA:1144,72
DA:1145,39
DA:1314,39
DA:1318,39
DA:1319,39
DA:1320,39
DA:1321,212
DA:1323,134
DA:1324,134
DA:1325,134
DA:1327,39
DA:1328,39
DA:1330,26
DA:1331,9
DA:1333,17
DA:1335,30
DA:1336,30
DA:1337,0
DA:1368,39
DA:1377,39
DA:1379,39
DA:1381,39
DA:1382,78
DA:1384,0
DA:1789,39
DA:1792,39
DA:1793,156
DA:1794,32
DA:1795,188
LF:115
LH:97
end_of_record
SF:/usr/include/c++/4.8.2/exception
FN:60,_ZNSt9exceptionC2ERKS_
FNDA:0,_ZNSt9exceptionC2ERKS_
FNF:1
FNH:0
DA:60,0
LF:1
LH:0
end_of_record
SF:/usr/include/c++/4.8.2/ext/atomicity.h
FN:48,_ZN9__gnu_cxxL18__exchange_and_addEPVii
FN:65,_ZN9__gnu_cxxL25__exchange_and_add_singleEPii
FN:78,_ZN9__gnu_cxxL27__exchange_and_add_dispatchEPii
FNDA:0,_ZN9__gnu_cxxL18__exchange_and_addEPVii
[...]
FNDA:4,_ZNSt11__copy_moveILb0ELb1ESt26random_access_iterator_tagE8__copy_mIN7Bavieca13UtteranceDataEEEPT_PKS5_S8_S6_
FNDA:4,_ZSt13__copy_move_aILb0EPN7Bavieca13UtteranceDataES2_ET1_T0_S4_S3_
FNDA:4,_ZSt14__copy_move_a2ILb0EPN7Bavieca13UtteranceDataES2_ET1_T0_S4_S3_
FNDA:4,_ZSt4copyIPN7Bavieca13UtteranceDataES2_ET0_T_S4_S3_
FNDA:0,_ZNSt20__copy_move_backwardILb0ELb1ESt26random_access_iterator_tagE13__copy_move_bIN7Bavieca13UtteranceDataEEEPT_PKS5_S8_S6_
FNDA:0,_ZSt22__copy_move_backward_aILb0EPN7Bavieca13UtteranceDataES2_ET1_T0_S4_S3_
FNDA:0,_ZSt23__copy_move_backward_a2ILb0EPN7Bavieca13UtteranceDataES2_ET1_T0_S4_S3_
FNDA:0,_ZSt13copy_backwardIPN7Bavieca13UtteranceDataES2_ET0_T_S4_S3_
FNF:12
FNH:6
DA:193,0
DA:198,0
DA:199,0
DA:200,0
DA:216,0
DA:221,0
DA:222,0
DA:223,0
DA:277,12
DA:278,12
DA:288,8
DA:289,8
DA:368,4
DA:370,4
DA:371,4
DA:372,1
DA:373,4
DA:379,4
DA:387,4
DA:390,4
DA:424,4
DA:428,4
DA:450,4
DA:460,4
DA:563,0
DA:565,0
DA:566,0
DA:567,0
DA:568,0
DA:574,0
DA:582,0
DA:587,0
DA:592,0
DA:596,0
DA:619,0
DA:631,0
LF:36
LH:16
end_of_record
SF:/usr/include/c++/4.8.2/bits/stl_construct.h
FN:112,_ZNSt12_Destroy_auxILb1EE9__destroyIPN7Bavieca13UtteranceDataEEEvT_S5_
FN:122,_ZSt8_DestroyIPN7Bavieca13UtteranceDataEEvT_S3_
FN:148,_ZSt8_DestroyIPN7Bavieca13UtteranceDataES1_EvT_S3_RSaIT0_E
FNDA:3,_ZNSt12_Destroy_auxILb1EE9__destroyIPN7Bavieca13UtteranceDataEEEvT_S5_
FNDA:3,_ZSt8_DestroyIPN7Bavieca13UtteranceDataEEvT_S3_
FNDA:3,_ZSt8_DestroyIPN7Bavieca13UtteranceDataES1_EvT_S3_RSaIT0_E
FNF:3
FNH:3
DA:112,3
DA:122,3
DA:126,3
DA:128,3
DA:148,3
DA:151,3
DA:152,3
LF:7
LH:7
end_of_record
SF:/usr/include/c++/4.8.2/bits/stl_function.h
FN:234,_ZNKSt4lessISsEclERKSsS2_
FN:494,_ZNKSt10_Select1stISt4pairIKSsPN7Bavieca9ParameterEEEclERKS5_
FNDA:0,_ZNKSt4lessISsEclERKSsS2_
FNDA:0,_ZNKSt10_Select1stISt4pairIKSsPN7Bavieca9ParameterEEEclERKS5_
FNF:2
FNH:0
DA:234,0
DA:235,0
DA:494,0
DA:495,0
LF:4
LH:0
end_of_record
SF:/usr/include/c++/4.8.2/bits/stl_iterator.h
FN:726,_ZN9__gnu_cxx17__normal_iteratorIPN7Bavieca13UtteranceDataESt6vectorIS2_SaIS2_EEEC2ERKS3_
FN:738,_ZNK9__gnu_cxx17__normal_iteratorIPN7Bavieca13UtteranceDataESt6vectorIS2_SaIS2_EEEdeEv
FN:742,_ZNK9__gnu_cxx17__normal_iteratorIPN7Bavieca13UtteranceDataESt6vectorIS2_SaIS2_EEEptEv
FN:746,_ZN9__gnu_cxx17__normal_iteratorIPN7Bavieca13UtteranceDataESt6vectorIS2_SaIS2_EEEppEv
FN:790,_ZNK9__gnu_cxx17__normal_iteratorIPN7Bavieca13UtteranceDataESt6vectorIS2_SaIS2_EEE4baseEv
FN:823,_ZN9__gnu_cxxneIPN7Bavieca13UtteranceDataESt6vectorIS2_SaIS2_EEEEbRKNS_17__normal_iteratorIT_T0_EESC_
FN:896,_ZN9__gnu_cxxmiIPN7Bavieca13UtteranceDataESt6vectorIS2_SaIS2_EEEENS_17__normal_iteratorIT_T0_E15difference_typeERKSA_SD_
FNDA:0,_ZN9__gnu_cxx17__normal_iteratorIPN7Bavieca13UtteranceDataESt6vectorIS2_SaIS2_EEEC2ERKS3_
FNDA:0,_ZNK9__gnu_cxx17__normal_iteratorIPN7Bavieca13UtteranceDataESt6vectorIS2_SaIS2_EEEdeEv
FNDA:0,_ZNK9__gnu_cxx17__normal_iteratorIPN7Bavieca13UtteranceDataESt6vectorIS2_SaIS2_EEEptEv
FNDA:0,_ZN9__gnu_cxx17__normal_iteratorIPN7Bavieca13UtteranceDataESt6vectorIS2_SaIS2_EEEppEv
FNDA:0,_ZNK9__gnu_cxx17__normal_iteratorIPN7Bavieca13UtteranceDataESt6vectorIS2_SaIS2_EEE4baseEv
FNDA:0,_ZN9__gnu_cxxneIPN7Bavieca13UtteranceDataESt6vectorIS2_SaIS2_EEEEbRKNS_17__normal_iteratorIT_T0_EESC_
FNDA:2,_ZN9__gnu_cxxmiIPN7Bavieca13UtteranceDataESt6vectorIS2_SaIS2_EEEENS_17__normal_iteratorIT_T0_E15difference_typeERKSA_SD_
FNF:7
FNH:1
DA:726,0
DA:738,0
DA:739,0
DA:742,0
DA:743,0
DA:746,0
DA:748,0
DA:749,0
DA:790,0
DA:791,0
DA:823,0
DA:825,0
DA:896,2
DA:898,2
LF:14
LH:2
end_of_record
SF:/usr/include/c++/4.8.2/bits/stl_iterator_base_types.h
FN:212,_ZNSt10_Iter_baseIPN7Bavieca13UtteranceDataELb0EE7_S_baseES2_
FNDA:20,_ZNSt10_Iter_baseIPN7Bavieca13UtteranceDataELb0EE7_S_baseES2_
FNF:1
FNH:1
DA:212,20
DA:213,20
LF:2
LH:2
end_of_record
SF:/usr/include/c++/4.8.2/bits/stl_map.h
FN:338,_ZNSt3mapISsPN7Bavieca9ParameterESt4lessISsESaISt4pairIKSsS2_EEE3endEv
FN:821,_ZNSt3mapISsPN7Bavieca9ParameterESt4lessISsESaISt4pairIKSsS2_EEE4findERS6_
FNDA:0,_ZNSt3mapISsPN7Bavieca9ParameterESt4lessISsESaISt4pairIKSsS2_EEE3endEv
FNDA:0,_ZNSt3mapISsPN7Bavieca9ParameterESt4lessISsESaISt4pairIKSsS2_EEE4findERS6_
FNF:2
FNH:0
DA:338,0
DA:339,0
DA:821,0
DA:822,0
LF:4
LH:0
end_of_record
SF:/usr/include/c++/4.8.2/bits/stl_tree.h
FN:174,_ZNSt17_Rb_tree_iteratorISt4pairIKSsPN7Bavieca9ParameterEEEC2EPSt13_Rb_tree_nodeIS5_E
FN:182,_ZNKSt17_Rb_tree_iteratorISt4pairIKSsPN7Bavieca9ParameterEEEptEv
FN:217,_ZNKSt17_Rb_tree_iteratorISt4pairIKSsPN7Bavieca9ParameterEEEeqERKS6_
FN:221,_ZNKSt17_Rb_tree_iteratorISt4pairIKSsPN7Bavieca9ParameterEEEneERKS6_
FN:501,_ZNSt8_Rb_treeISsSt4pairIKSsPN7Bavieca9ParameterEESt10_Select1stIS5_ESt4lessISsESaIS5_EE8_M_beginEv
FN:512,_ZNSt8_Rb_treeISsSt4pairIKSsPN7Bavieca9ParameterEESt10_Select1stIS5_ESt4lessISsESaIS5_EE6_M_endEv
FN:520,_ZNSt8_Rb_treeISsSt4pairIKSsPN7Bavieca9ParameterEESt10_Select1stIS5_ESt4lessISsESaIS5_EE8_S_valueEPKSt13_Rb_tree_nodeIS5_E
FN:524,_ZNSt8_Rb_treeISsSt4pairIKSsPN7Bavieca9ParameterEESt10_Select1stIS5_ESt4lessISsESaIS5_EE6_S_keyEPKSt13_Rb_tree_nodeIS5_E
FN:528,_ZNSt8_Rb_treeISsSt4pairIKSsPN7Bavieca9ParameterEESt10_Select1stIS5_ESt4lessISsESaIS5_EE7_S_leftEPSt18_Rb_tree_node_base
FN:536,_ZNSt8_Rb_treeISsSt4pairIKSsPN7Bavieca9ParameterEESt10_Select1stIS5_ESt4lessISsESaIS5_EE8_S_rightEPSt18_Rb_tree_node_base
FN:544,_ZNSt8_Rb_treeISsSt4pairIKSsPN7Bavieca9ParameterEESt10_Select1stIS5_ESt4lessISsESaIS5_EE8_S_valueEPKSt18_Rb_tree_node_base
FN:548,_ZNSt8_Rb_treeISsSt4pairIKSsPN7Bavieca9ParameterEESt10_Select1stIS5_ESt4lessISsESaIS5_EE6_S_keyEPKSt18_Rb_tree_node_base
FN:696,_ZNSt8_Rb_treeISsSt4pairIKSsPN7Bavieca9ParameterEESt10_Select1stIS5_ESt4lessISsESaIS5_EE3endEv
FN:1136,_ZNSt8_Rb_treeISsSt4pairIKSsPN7Bavieca9ParameterEESt10_Select1stIS5_ESt4lessISsESaIS5_EE14_M_lower_boundEPSt13_Rb_tree_nodeIS5_ESE_RS1_
FN:1789,_ZNSt8_Rb_treeISsSt4pairIKSsPN7Bavieca9ParameterEESt10_Select1stIS5_ESt4lessISsESaIS5_EE4findERS1_
FNDA:0,_ZNSt17_Rb_tree_iteratorISt4pairIKSsPN7Bavieca9ParameterEEEC2EPSt13_Rb_tree_nodeIS5_E
FNDA:0,_ZNKSt17_Rb_tree_iteratorISt4pairIKSsPN7Bavieca9ParameterEEEptEv
FNDA:0,_ZNKSt17_Rb_tree_iteratorISt4pairIKSsPN7Bavieca9ParameterEEEeqERKS6_
FNDA:0,_ZNKSt17_Rb_tree_iteratorISt4pairIKSsPN7Bavieca9ParameterEEEneERKS6_
FNDA:0,_ZNSt8_Rb_treeISsSt4pairIKSsPN7Bavieca9ParameterEESt10_Select1stIS5_ESt4lessISsESaIS5_EE8_M_beginEv
FNDA:0,_ZNSt8_Rb_treeISsSt4pairIKSsPN7Bavieca9ParameterEESt10_Select1stIS5_ESt4lessISsESaIS5_EE6_M_endEv
FNDA:0,_ZNSt8_Rb_treeISsSt4pairIKSsPN7Bavieca9ParameterEESt10_Select1stIS5_ESt4lessISsESaIS5_EE8_S_valueEPKSt13_Rb_tree_nodeIS5_E
FNDA:0,_ZNSt8_Rb_treeISsSt4pairIKSsPN7Bavieca9ParameterEESt10_Select1stIS5_ESt4lessISsESaIS5_EE6_S_keyEPKSt13_Rb_tree_nodeIS5_E
FNDA:0,_ZNSt8_Rb_treeISsSt4pairIKSsPN7Bavieca9ParameterEESt10_Select1stIS5_ESt4lessISsESaIS5_EE7_S_leftEPSt18_Rb_tree_node_base
FNDA:0,_ZNSt8_Rb_treeISsSt4pairIKSsPN7Bavieca9ParameterEESt10_Select1stIS5_ESt4lessISsESaIS5_EE8_S_rightEPSt18_Rb_tree_node_base
FNDA:0,_ZNSt8_Rb_treeISsSt4pairIKSsPN7Bavieca9ParameterEESt10_Select1stIS5_ESt4lessISsESaIS5_EE8_S_valueEPKSt18_Rb_tree_node_base
FNDA:0,_ZNSt8_Rb_treeISsSt4pairIKSsPN7Bavieca9ParameterEESt10_Select1stIS5_ESt4lessISsESaIS5_EE6_S_keyEPKSt18_Rb_tree_node_base
FNDA:0,_ZNSt8_Rb_treeISsSt4pairIKSsPN7Bavieca9ParameterEESt10_Select1stIS5_ESt4lessISsESaIS5_EE3endEv
FNDA:0,_ZNSt8_Rb_treeISsSt4pairIKSsPN7Bavieca9ParameterEESt10_Select1stIS5_ESt4lessISsESaIS5_EE14_M_lower_boundEPSt13_Rb_tree_nodeIS5_ESE_RS1_
FNDA:0,_ZNSt8_Rb_treeISsSt4pairIKSsPN7Bavieca9ParameterEESt10_Select1stIS5_ESt4lessISsESaIS5_EE4findERS1_
FNF:15
FNH:0
DA:174,0
DA:175,0
DA:182,0
DA:184,0
DA:217,0
DA:218,0
DA:221,0
DA:222,0
DA:501,0
DA:502,0
DA:512,0
DA:513,0
DA:520,0
DA:521,0
DA:524,0
DA:525,0
DA:528,0
DA:529,0
DA:536,0
DA:537,0
DA:544,0
DA:545,0
DA:548,0
DA:549,0
DA:696,0
DA:697,0
DA:1136,0
DA:1140,0
DA:1141,0
DA:1142,0
DA:1144,0
DA:1145,0
DA:1789,0
DA:1792,0
DA:1793,0
DA:1794,0
DA:1795,0
LF:37
LH:0
end_of_record
SF:/usr/include/c++/4.8.2/bits/stl_uninitialized.h
FN:91,_ZNSt20__uninitialized_copyILb1EE13__uninit_copyIPN7Bavieca13UtteranceDataES4_EET0_T_S6_S5_
FN:107,_ZSt18uninitialized_copyIPN7Bavieca13UtteranceDataES2_ET0_T_S4_S3_
FN:256,_ZSt22__uninitialized_copy_aIPN7Bavieca13UtteranceDataES2_S1_ET0_T_S4_S3_RSaIT1_E
FN:274,_ZSt34__uninitialized_move_if_noexcept_aIPN7Bavieca13UtteranceDataES2_SaIS1_EET0_T_S5_S4_RT1_
FNDA:4,_ZNSt20__uninitialized_copyILb1EE13__uninit_copyIPN7Bavieca13UtteranceDataES4_EET0_T_S6_S5_
FNDA:4,_ZSt18uninitialized_copyIPN7Bavieca13UtteranceDataES2_ET0_T_S4_S3_
FNDA:4,_ZSt22__uninitialized_copy_aIPN7Bavieca13UtteranceDataES2_S1_ET0_T_S4_S3_RSaIT1_E
FNDA:4,_ZSt34__uninitialized_move_if_noexcept_aIPN7Bavieca13UtteranceDataES2_SaIS1_EET0_T_S5_S4_RT1_
FNF:4
FNH:4
DA:91,4
DA:93,4
DA:107,4
DA:117,4
DA:256,4
DA:258,4
DA:274,4
DA:281,4
LF:8
LH:8
end_of_record
SF:/usr/include/c++/4.8.2/bits/stl_vector.h
FN:79,_ZNSt12_Vector_baseIN7Bavieca13UtteranceDataESaIS1_EE12_Vector_implD2Ev
FN:86,_ZNSt12_Vector_baseIN7Bavieca13UtteranceDataESaIS1_EE12_Vector_implC2Ev
FN:113,_ZNSt12_Vector_baseIN7Bavieca13UtteranceDataESaIS1_EE19_M_get_Tp_allocatorEv
FN:117,_ZNKSt12_Vector_baseIN7Bavieca13UtteranceDataESaIS1_EE19_M_get_Tp_allocatorEv
FN:124,_ZNSt12_Vector_baseIN7Bavieca13UtteranceDataESaIS1_EEC2Ev
FN:159,_ZNSt12_Vector_baseIN7Bavieca13UtteranceDataESaIS1_EED2Ev
FN:167,_ZNSt12_Vector_baseIN7Bavieca13UtteranceDataESaIS1_EE11_M_allocateEm
FN:171,_ZNSt12_Vector_baseIN7Bavieca13UtteranceDataESaIS1_EE13_M_deallocateEPS1_m
FN:248,_ZNSt6vectorIN7Bavieca13UtteranceDataESaIS1_EEC2Ev
FN:414,_ZNSt6vectorIN7Bavieca13UtteranceDataESaIS1_EED2Ev
FN:538,_ZNSt6vectorIN7Bavieca13UtteranceDataESaIS1_EE5beginEv
FN:556,_ZNSt6vectorIN7Bavieca13UtteranceDataESaIS1_EE3endEv
FN:645,_ZNKSt6vectorIN7Bavieca13UtteranceDataESaIS1_EE4sizeEv
FN:645,_ZNKSt6vectorIPN7Bavieca10BatchEntryESaIS2_EE4sizeEv
FN:650,_ZNKSt6vectorIN7Bavieca13UtteranceDataESaIS1_EE8max_sizeEv
FN:901,_ZNSt6vectorIN7Bavieca13UtteranceDataESaIS1_EE9push_backERKS1_
FN:1336,_ZNKSt6vectorIN7Bavieca13UtteranceDataESaIS1_EE12_M_check_lenEmPKc
FNDA:1,_ZNSt12_Vector_baseIN7Bavieca13UtteranceDataESaIS1_EE12_Vector_implD2Ev
FNDA:1,_ZNSt12_Vector_baseIN7Bavieca13UtteranceDataESaIS1_EE12_Vector_implC2Ev
FNDA:7,_ZNSt12_Vector_baseIN7Bavieca13UtteranceDataESaIS1_EE19_M_get_Tp_allocatorEv
FNDA:4,_ZNKSt12_Vector_baseIN7Bavieca13UtteranceDataESaIS1_EE19_M_get_Tp_allocatorEv
FNDA:1,_ZNSt12_Vector_baseIN7Bavieca13UtteranceDataESaIS1_EEC2Ev
FNDA:1,_ZNSt12_Vector_baseIN7Bavieca13UtteranceDataESaIS1_EED2Ev
FNDA:2,_ZNSt12_Vector_baseIN7Bavieca13UtteranceDataESaIS1_EE11_M_allocateEm
FNDA:3,_ZNSt12_Vector_baseIN7Bavieca13UtteranceDataESaIS1_EE13_M_deallocateEPS1_m
FNDA:1,_ZNSt6vectorIN7Bavieca13UtteranceDataESaIS1_EEC2Ev
FNDA:1,_ZNSt6vectorIN7Bavieca13UtteranceDataESaIS1_EED2Ev
FNDA:0,_ZNSt6vectorIN7Bavieca13UtteranceDataESaIS1_EE5beginEv
FNDA:0,_ZNSt6vectorIN7Bavieca13UtteranceDataESaIS1_EE3endEv
FNDA:8,_ZNKSt6vectorIN7Bavieca13UtteranceDataESaIS1_EE4sizeEv
FNDA:0,_ZNKSt6vectorIPN7Bavieca10BatchEntryESaIS2_EE4sizeEv
FNDA:4,_ZNKSt6vectorIN7Bavieca13UtteranceDataESaIS1_EE8max_sizeEv
FNDA:2,_ZNSt6vectorIN7Bavieca13UtteranceDataESaIS1_EE9push_backERKS1_
FNDA:2,_ZNKSt6vectorIN7Bavieca13UtteranceDataESaIS1_EE12_M_check_lenEmPKc
FNF:17
FNH:14
DA:79,1
DA:86,1
DA:87,1
DA:88,1
DA:113,7
DA:114,7
DA:117,4
DA:118,4
DA:124,1
DA:125,1
DA:159,1
DA:160,1
DA:161,2
DA:167,2
DA:168,2
DA:171,3
DA:173,3
DA:174,2
DA:175,3
DA:248,1
DA:249,1
DA:414,1
DA:415,1
DA:416,2
DA:538,0
DA:539,0
DA:556,0
DA:557,0
DA:645,8
DA:646,8
DA:650,4
DA:651,4
DA:901,2
DA:903,2
DA:905,0
DA:906,0
DA:907,0
DA:913,2
DA:915,2
DA:1336,2
DA:1338,2
DA:1339,0
DA:1341,2
DA:1342,2
LF:44
LH:36
end_of_record
SF:/usr/include/c++/4.8.2/bits/vector.tcc
FN:318,_ZNSt6vectorIN7Bavieca13UtteranceDataESaIS1_EE13_M_insert_auxEN9__gnu_cxx17__normal_iteratorIPS1_S3_EERKS1_
FNDA:2,_ZNSt6vectorIN7Bavieca13UtteranceDataESaIS1_EE13_M_insert_auxEN9__gnu_cxx17__normal_iteratorIPS1_S3_EERKS1_
FNF:1
FNH:1
DA:318,2
DA:322,2
DA:324,0
DA:326,0
DA:327,0
DA:329,0
DA:331,0
DA:335,0
DA:343,2
DA:344,2
DA:345,2
DA:346,2
DA:353,2
DA:358,2
DA:360,2
DA:362,2
DA:365,2
DA:367,2
DA:369,2
DA:372,2
DA:374,0
DA:376,0
DA:377,0
DA:378,0
DA:380,0
DA:381,0
DA:382,0
DA:384,2
DA:385,2
DA:386,2
DA:388,2
DA:389,2
DA:390,2
DA:391,2
DA:393,2
LF:35
LH:22
end_of_record
SF:/usr/include/c++/4.8.2/ext/alloc_traits.h
FN:215,_ZN9__gnu_cxx14__alloc_traitsISaIN7Bavieca13UtteranceDataEEE9constructIS2_EEvRS3_PS2_RKT_
FN:218,_ZN9__gnu_cxx14__alloc_traitsISaIN7Bavieca13UtteranceDataEEE7destroyERS3_PS2_
FN:221,_ZN9__gnu_cxx14__alloc_traitsISaIN7Bavieca13UtteranceDataEEE8max_sizeERKS3_
FNDA:2,_ZN9__gnu_cxx14__alloc_traitsISaIN7Bavieca13UtteranceDataEEE9constructIS2_EEvRS3_PS2_RKT_
FNDA:0,_ZN9__gnu_cxx14__alloc_traitsISaIN7Bavieca13UtteranceDataEEE7destroyERS3_PS2_
FNDA:4,_ZN9__gnu_cxx14__alloc_traitsISaIN7Bavieca13UtteranceDataEEE8max_sizeERKS3_
FNF:3
FNH:2
DA:215,2
DA:216,2
DA:218,0
DA:219,0
DA:221,4
DA:222,4
LF:6
LH:4
end_of_record
SF:/usr/include/c++/4.8.2/ext/atomicity.h
FN:48,_ZN9__gnu_cxxL18__exchange_and_addEPVii
FN:65,_ZN9__gnu_cxxL25__exchange_and_add_singleEPii
FN:78,_ZN9__gnu_cxxL27__exchange_and_add_dispatchEPii
FNDA:0,_ZN9__gnu_cxxL18__exchange_and_addEPVii
FNDA:0,_ZN9__gnu_cxxL25__exchange_and_add_singleEPii
FNDA:0,_ZN9__gnu_cxxL27__exchange_and_add_dispatchEPii
FNF:3
FNH:0
DA:48,0
DA:49,0
DA:65,0
DA:67,0
DA:68,0
DA:69,0
DA:78,0
DA:81,0
DA:82,0
DA:84,0
LF:10
LH:0
end_of_record
SF:/usr/include/c++/4.8.2/ext/new_allocator.h
FN:79,_ZN9__gnu_cxx13new_allocatorIN7Bavieca13UtteranceDataEEC2Ev
FN:79,_ZN9__gnu_cxx13new_allocatorIcEC2Ev
FN:81,_ZN9__gnu_cxx13new_allocatorIcEC2ERKS1_
FN:86,_ZN9__gnu_cxx13new_allocatorIcED2Ev
FN:86,_ZN9__gnu_cxx13new_allocatorIN7Bavieca13UtteranceDataEED2Ev
FN:99,_ZN9__gnu_cxx13new_allocatorIN7Bavieca13UtteranceDataEE8allocateEmPKv
FN:109,_ZN9__gnu_cxx13new_allocatorIN7Bavieca13UtteranceDataEE10deallocateEPS2_m
FN:113,_ZNK9__gnu_cxx13new_allocatorIN7Bavieca13UtteranceDataEE8max_sizeEv
FN:129,_ZN9__gnu_cxx13new_allocatorIN7Bavieca13UtteranceDataEE9constructEPS2_RKS2_
FN:133,_ZN9__gnu_cxx13new_allocatorIN7Bavieca13UtteranceDataEE7destroyEPS2_
FNDA:1,_ZN9__gnu_cxx13new_allocatorIN7Bavieca13UtteranceDataEEC2Ev
FNDA:0,_ZN9__gnu_cxx13new_allocatorIcEC2Ev
FNDA:0,_ZN9__gnu_cxx13new_allocatorIcEC2ERKS1_
FNDA:1,_ZN9__gnu_cxx13new_allocatorIN7Bavieca13UtteranceDataEED2Ev
FNDA:0,_ZN9__gnu_cxx13new_allocatorIcED2Ev
FNDA:2,_ZN9__gnu_cxx13new_allocatorIN7Bavieca13UtteranceDataEE8allocateEmPKv
FNDA:2,_ZN9__gnu_cxx13new_allocatorIN7Bavieca13UtteranceDataEE10deallocateEPS2_m
FNDA:6,_ZNK9__gnu_cxx13new_allocatorIN7Bavieca13UtteranceDataEE8max_sizeEv
FNDA:2,_ZN9__gnu_cxx13new_allocatorIN7Bavieca13UtteranceDataEE9constructEPS2_RKS2_
FNDA:0,_ZN9__gnu_cxx13new_allocatorIN7Bavieca13UtteranceDataEE7destroyEPS2_
FNF:10
FNH:6
DA:79,1
DA:81,0
DA:86,1
DA:99,2
DA:101,2
DA:102,0
DA:104,2
DA:109,2
DA:110,2
DA:113,6
DA:114,6
DA:129,2
DA:130,2
DA:133,0
LF:14
LH:11
end_of_record
SF:/usr/include/c++/4.8.2/iomanip
FN:93,_ZSt11setiosflagsSt13_Ios_Fmtflags
FN:192,_ZSt12setprecisioni
FN:222,_ZSt4setwi
FNDA:0,_ZSt11setiosflagsSt13_Ios_Fmtflags
FNDA:0,_ZSt12setprecisioni
FNDA:0,_ZSt4setwi
FNF:3
FNH:0
DA:93,0
DA:94,0
DA:192,0
DA:193,0
DA:222,0
DA:223,0
LF:6
LH:0
end_of_record
SF:/usr/include/c++/4.8.2/iostream
DA:74,2
LF:1
LH:1
end_of_record
SF:/usr/include/c++/4.8.2/new
FN:109,_ZnwmPv
FNDA:0,_ZnwmPv
FNF:1
FNH:0
DA:109,0
DA:110,0
LF:2
LH:0
end_of_record
SF:/usr/include/c++/4.8.2/x86_64-redhat-linux/bits/gthr-default.h
FN:247,_ZL18__gthread_active_pv
FNDA:0,_ZL18__gthread_active_pv
FNF:1
FNH:0
DA:247,0
DA:251,0
LF:2
LH:0
end_of_record
SF:/data2/tzwang/refcode/IBMdec/src/decoder/common/algebra/Matrix.h
FN:26,_ZN7Bavieca6MatrixIfE10deallocateEv
FN:59,_ZN7Bavieca6MatrixIfED2Ev
FNDA:0,_ZN7Bavieca6MatrixIfE10deallocateEv
FNDA:0,_ZN7Bavieca6MatrixIfED2Ev
FNF:2
FNH:0
DA:26,0
DA:27,0
DA:28,0
DA:29,0
DA:30,0
DA:59,0
DA:61,0
DA:62,0
DA:64,0
LF:9
LH:0
end_of_record
SF:/data2/tzwang/refcode/IBMdec/src/decoder/common/algebra/MatrixBase.h
FN:48,_ZN7Bavieca10MatrixBaseIfE7getRowsEv
FN:54,_ZN7Bavieca10MatrixBaseIfE7getColsEv
FNDA:0,_ZN7Bavieca10MatrixBaseIfE7getRowsEv
FNDA:0,_ZN7Bavieca10MatrixBaseIfE7getColsEv
FNF:2
FNH:0
DA:48,0
DA:50,0
DA:54,0
DA:56,0
LF:4
LH:0
end_of_record
SF:/data2/tzwang/refcode/IBMdec/src/decoder/common/base/BatchFile.h
FN:65,_ZN7Bavieca9BatchFile4sizeEv
FNDA:0,_ZN7Bavieca9BatchFile4sizeEv
FNF:1
FNH:0
DA:65,0
DA:67,0
LF:2
LH:0
end_of_record
SF:/data2/tzwang/refcode/IBMdec/src/decoder/common/base/LogMessage.h
FN:59,_ZN7Bavieca10LogMessage9getStreamEv
FNDA:0,_ZN7Bavieca10LogMessage9getStreamEv
FNF:1
FNH:0
DA:59,0
DA:61,0
LF:2
LH:0
end_of_record
SF:/data2/tzwang/refcode/IBMdec/src/decoder/common/config/ParameterManager.h
FN:184,_ZN7Bavieca16ParameterManager20getStrParameterValueEPKc
FN:193,_ZN7Bavieca16ParameterManager20getIntParameterValueEPKc
FN:203,_ZN7Bavieca16ParameterManager22getFloatParameterValueEPKc
FNDA:0,_ZN7Bavieca16ParameterManager20getStrParameterValueEPKc
FNDA:0,_ZN7Bavieca16ParameterManager20getIntParameterValueEPKc
FNDA:6,_ZN7Bavieca16ParameterManager22getFloatParameterValueEPKc
FNF:3
FNH:1
DA:184,0
DA:186,0
DA:187,0
DA:189,0
DA:193,0
DA:195,0
DA:196,0
DA:197,0
DA:199,0
DA:203,6
DA:205,6
DA:206,6
DA:207,6
DA:209,6
LF:14
LH:5
end_of_record
SF:/data2/tzwang/refcode/IBMdec/src/decoder/common/decoding/BestPath.h
FN:93,_ZN7Bavieca8BestPath12getPathScoreEv
FNDA:2,_ZN7Bavieca8BestPath12getPathScoreEv
FNF:1
FNH:1
DA:93,2
DA:95,2
LF:2
LH:2
end_of_record
SF:/data2/tzwang/refcode/IBMdec/src/decoder/common/hmm/HMMManager.h
FN:106,_ZN7Bavieca10HMMManager13getFeatureDimEv
FNDA:2,_ZN7Bavieca10HMMManager13getFeatureDimEv
FNF:1
FNH:1
DA:106,2
DA:107,2
LF:2
LH:2
end_of_record
SF:/data2/tzwang/refcode/IBMdec/src/decoder/common/io/FileOutput.h
FN:56,_ZN7Bavieca10FileOutput9getStreamEv
FNDA:0,_ZN7Bavieca10FileOutput9getStreamEv
FNF:1
FNH:0
DA:56,0
DA:58,0
LF:2
LH:0
end_of_record
SF:/data2/tzwang/refcode/IBMdec/src/decoder/common/param/FeatureExtractor.h
FN:284,_ZN7Bavieca16FeatureExtractor20getNormalizationModeEPKc
FN:299,_ZN7Bavieca16FeatureExtractor22getNormalizationMethodEPKc
FNDA:1,_ZN7Bavieca16FeatureExtractor20getNormalizationModeEPKc
FNDA:1,_ZN7Bavieca16FeatureExtractor22getNormalizationMethodEPKc
FNF:2
FNH:2
DA:284,1
DA:286,1
DA:287,0
DA:288,1
DA:289,0
DA:290,1
DA:291,1
DA:293,0
DA:294,0
DA:299,1
DA:301,1
DA:302,1
DA:304,0
DA:305,0
LF:14
LH:8
end_of_record
SF:/data2/tzwang/refcode/IBMdec/src/decoder/mainDynamicDecoder.cpp
FN:34,main
FN:323,_Z41__static_initialization_and_destruction_0ii
FN:323,_GLOBAL__sub_I_main
FNDA:2,main
FNDA:2,_GLOBAL__sub_I_main
FNDA:2,_Z41__static_initialization_and_destruction_0ii
FNF:3
FNH:3
DA:34,2
DA:39,2
DA:40,2
DA:41,2
DA:43,2
DA:46,2
DA:47,1
DA:51,1
DA:52,1
DA:53,1
DA:56,2
DA:57,1
DA:64,1
DA:66,1
DA:68,1
DA:70,1
DA:71,1
DA:72,1
DA:73,1
DA:75,1
DA:76,1
DA:77,0
DA:82,1
DA:86,1
DA:90,1
DA:92,1
DA:94,1
DA:96,1
DA:102,1
DA:106,1
DA:108,1
DA:110,1
DA:113,1
DA:114,1
DA:115,1
DA:116,1
DA:117,1
DA:118,1
DA:121,1
DA:122,1
DA:123,1
DA:124,1
DA:125,0
DA:127,0
DA:131,1
DA:132,1
DA:133,1
DA:134,0
DA:138,1
DA:139,1
DA:140,1
DA:141,0
DA:145,1
DA:146,1
DA:147,1
DA:148,0
DA:152,2
DA:153,1
DA:156,2
DA:157,1
DA:158,1
DA:160,2
DA:161,1
DA:162,1
DA:165,2
DA:166,1
DA:169,1
DA:170,1
DA:174,2
DA:175,1
DA:190,2
DA:191,1
DA:192,1
DA:204,2
DA:205,1
DA:207,2
DA:210,1
DA:211,1
DA:212,0
DA:218,2
DA:221,1
DA:223,1
DA:225,1
DA:226,1
DA:229,2
DA:230,1
DA:233,2
DA:234,3
DA:237,2
DA:238,2
DA:241,2
DA:242,2
DA:243,2
DA:244,2
DA:248,1
DA:251,2
DA:252,1
DA:253,1
DA:254,3
DA:256,2
DA:258,2
DA:260,2
DA:261,2
DA:263,2
DA:264,0
DA:265,0
DA:268,2
DA:269,2
DA:272,2
DA:273,2
DA:275,2
DA:276,2
DA:277,2
DA:279,0
DA:284,2
DA:287,2
DA:288,2
DA:290,2
DA:291,2
DA:293,1
DA:295,1
DA:296,1
DA:297,1
DA:299,1
DA:300,2
DA:301,2
DA:302,2
DA:303,2
DA:304,2
DA:305,2
DA:306,1
DA:309,1
DA:311,2
DA:316,0
DA:318,0
DA:319,0
DA:322,1
DA:323,6
LF:138
LH:125
end_of_record
